2026-02-19 19:08:25 INFO shap-it-like-its-hot run_id=mvs-linear-hpo-20260219-180825-cd385ce6 seed=42 Outer fold repeat=0 fold=0 seed=42
2026-02-19 19:08:25 INFO shap-it-like-its-hot run_id=mvs-linear-hpo-20260219-180825-cd385ce6 seed=42 Target resampling ratio=0.10
2026-02-19 19:08:40 INFO shap-it-like-its-hot run_id=mvs-linear-hpo-20260219-180825-cd385ce6 seed=42 Best inner-CV roc_auc=0.7436 best_params={'n_estimators': 100, 'learning_rate': 0.05, 'reg_alpha': 0.0, 'reg_lambda': 0.1}
2026-02-19 19:08:40 INFO shap-it-like-its-hot run_id=mvs-linear-hpo-20260219-180825-cd385ce6 seed=42 Achieved train positive ratio=0.1000
2026-02-19 19:08:44 INFO shap-it-like-its-hot run_id=mvs-linear-hpo-20260219-180825-cd385ce6 seed=42 Target resampling ratio=0.30
2026-02-19 19:09:00 INFO shap-it-like-its-hot run_id=mvs-linear-hpo-20260219-180825-cd385ce6 seed=42 Best inner-CV roc_auc=0.7811 best_params={'n_estimators': 100, 'learning_rate': 0.05, 'reg_alpha': 0.0, 'reg_lambda': 0.1}
2026-02-19 19:09:00 INFO shap-it-like-its-hot run_id=mvs-linear-hpo-20260219-180825-cd385ce6 seed=42 Achieved train positive ratio=0.3000
2026-02-19 19:09:05 INFO shap-it-like-its-hot run_id=mvs-linear-hpo-20260219-180825-cd385ce6 seed=42 Target resampling ratio=0.50
2026-02-19 19:09:21 INFO shap-it-like-its-hot run_id=mvs-linear-hpo-20260219-180825-cd385ce6 seed=42 Best inner-CV roc_auc=0.7811 best_params={'n_estimators': 200, 'learning_rate': 0.05, 'reg_alpha': 0.0, 'reg_lambda': 0.1}
2026-02-19 19:09:21 INFO shap-it-like-its-hot run_id=mvs-linear-hpo-20260219-180825-cd385ce6 seed=42 Achieved train positive ratio=0.5000
2026-02-19 19:09:25 INFO shap-it-like-its-hot run_id=mvs-linear-hpo-20260219-180825-cd385ce6 seed=42 Outer fold repeat=0 fold=1 seed=42
2026-02-19 19:09:25 INFO shap-it-like-its-hot run_id=mvs-linear-hpo-20260219-180825-cd385ce6 seed=42 Target resampling ratio=0.10
2026-02-19 19:09:43 INFO shap-it-like-its-hot run_id=mvs-linear-hpo-20260219-180825-cd385ce6 seed=42 Best inner-CV roc_auc=0.7580 best_params={'n_estimators': 100, 'learning_rate': 0.05, 'reg_alpha': 0.0, 'reg_lambda': 0.1}
2026-02-19 19:09:43 INFO shap-it-like-its-hot run_id=mvs-linear-hpo-20260219-180825-cd385ce6 seed=42 Achieved train positive ratio=0.1000
2026-02-19 19:09:47 INFO shap-it-like-its-hot run_id=mvs-linear-hpo-20260219-180825-cd385ce6 seed=42 Target resampling ratio=0.30
2026-02-19 19:10:04 INFO shap-it-like-its-hot run_id=mvs-linear-hpo-20260219-180825-cd385ce6 seed=42 Best inner-CV roc_auc=0.7875 best_params={'n_estimators': 100, 'learning_rate': 0.05, 'reg_alpha': 0.0, 'reg_lambda': 0.1}
2026-02-19 19:10:04 INFO shap-it-like-its-hot run_id=mvs-linear-hpo-20260219-180825-cd385ce6 seed=42 Achieved train positive ratio=0.3000
2026-02-19 19:10:08 INFO shap-it-like-its-hot run_id=mvs-linear-hpo-20260219-180825-cd385ce6 seed=42 Target resampling ratio=0.50
2026-02-19 19:10:26 INFO shap-it-like-its-hot run_id=mvs-linear-hpo-20260219-180825-cd385ce6 seed=42 Best inner-CV roc_auc=0.7834 best_params={'n_estimators': 100, 'learning_rate': 0.05, 'reg_alpha': 0.0, 'reg_lambda': 0.1}
2026-02-19 19:10:26 INFO shap-it-like-its-hot run_id=mvs-linear-hpo-20260219-180825-cd385ce6 seed=42 Achieved train positive ratio=0.5000
2026-02-19 19:10:31 INFO shap-it-like-its-hot run_id=mvs-linear-hpo-20260219-180825-cd385ce6 seed=42 Outer fold repeat=0 fold=2 seed=42
2026-02-19 19:10:31 INFO shap-it-like-its-hot run_id=mvs-linear-hpo-20260219-180825-cd385ce6 seed=42 Target resampling ratio=0.10
2026-02-19 19:10:47 INFO shap-it-like-its-hot run_id=mvs-linear-hpo-20260219-180825-cd385ce6 seed=42 Best inner-CV roc_auc=0.7439 best_params={'n_estimators': 200, 'learning_rate': 0.05, 'reg_alpha': 0.0, 'reg_lambda': 0.1}
2026-02-19 19:10:47 INFO shap-it-like-its-hot run_id=mvs-linear-hpo-20260219-180825-cd385ce6 seed=42 Achieved train positive ratio=0.1000
2026-02-19 19:10:52 INFO shap-it-like-its-hot run_id=mvs-linear-hpo-20260219-180825-cd385ce6 seed=42 Target resampling ratio=0.30
2026-02-19 19:11:08 INFO shap-it-like-its-hot run_id=mvs-linear-hpo-20260219-180825-cd385ce6 seed=42 Best inner-CV roc_auc=0.7816 best_params={'n_estimators': 100, 'learning_rate': 0.05, 'reg_alpha': 0.0, 'reg_lambda': 0.1}
2026-02-19 19:11:08 INFO shap-it-like-its-hot run_id=mvs-linear-hpo-20260219-180825-cd385ce6 seed=42 Achieved train positive ratio=0.3000
2026-02-19 19:11:12 INFO shap-it-like-its-hot run_id=mvs-linear-hpo-20260219-180825-cd385ce6 seed=42 Target resampling ratio=0.50
2026-02-19 19:11:28 INFO shap-it-like-its-hot run_id=mvs-linear-hpo-20260219-180825-cd385ce6 seed=42 Best inner-CV roc_auc=0.7871 best_params={'n_estimators': 200, 'learning_rate': 0.05, 'reg_alpha': 0.0, 'reg_lambda': 0.1}
2026-02-19 19:11:28 INFO shap-it-like-its-hot run_id=mvs-linear-hpo-20260219-180825-cd385ce6 seed=42 Achieved train positive ratio=0.5000
2026-02-19 19:11:33 INFO shap-it-like-its-hot run_id=mvs-linear-hpo-20260219-180825-cd385ce6 seed=42 Outer fold repeat=0 fold=3 seed=42
2026-02-19 19:11:33 INFO shap-it-like-its-hot run_id=mvs-linear-hpo-20260219-180825-cd385ce6 seed=42 Target resampling ratio=0.10
2026-02-19 19:11:49 INFO shap-it-like-its-hot run_id=mvs-linear-hpo-20260219-180825-cd385ce6 seed=42 Best inner-CV roc_auc=0.7460 best_params={'n_estimators': 100, 'learning_rate': 0.05, 'reg_alpha': 0.0, 'reg_lambda': 0.1}
2026-02-19 19:11:49 INFO shap-it-like-its-hot run_id=mvs-linear-hpo-20260219-180825-cd385ce6 seed=42 Achieved train positive ratio=0.1000
2026-02-19 19:11:53 INFO shap-it-like-its-hot run_id=mvs-linear-hpo-20260219-180825-cd385ce6 seed=42 Target resampling ratio=0.30
2026-02-19 19:12:09 INFO shap-it-like-its-hot run_id=mvs-linear-hpo-20260219-180825-cd385ce6 seed=42 Best inner-CV roc_auc=0.7735 best_params={'n_estimators': 100, 'learning_rate': 0.05, 'reg_alpha': 0.0, 'reg_lambda': 0.1}
2026-02-19 19:12:09 INFO shap-it-like-its-hot run_id=mvs-linear-hpo-20260219-180825-cd385ce6 seed=42 Achieved train positive ratio=0.3000
2026-02-19 19:12:13 INFO shap-it-like-its-hot run_id=mvs-linear-hpo-20260219-180825-cd385ce6 seed=42 Target resampling ratio=0.50
2026-02-19 19:12:27 INFO shap-it-like-its-hot run_id=mvs-linear-hpo-20260219-180825-cd385ce6 seed=42 Best inner-CV roc_auc=0.7667 best_params={'n_estimators': 200, 'learning_rate': 0.05, 'reg_alpha': 0.0, 'reg_lambda': 0.1}
2026-02-19 19:12:27 INFO shap-it-like-its-hot run_id=mvs-linear-hpo-20260219-180825-cd385ce6 seed=42 Achieved train positive ratio=0.5000
2026-02-19 19:12:31 INFO shap-it-like-its-hot run_id=mvs-linear-hpo-20260219-180825-cd385ce6 seed=42 Outer fold repeat=0 fold=4 seed=42
2026-02-19 19:12:31 INFO shap-it-like-its-hot run_id=mvs-linear-hpo-20260219-180825-cd385ce6 seed=42 Target resampling ratio=0.10
2026-02-19 19:12:46 INFO shap-it-like-its-hot run_id=mvs-linear-hpo-20260219-180825-cd385ce6 seed=42 Best inner-CV roc_auc=0.7427 best_params={'n_estimators': 100, 'learning_rate': 0.05, 'reg_alpha': 0.0, 'reg_lambda': 0.1}
2026-02-19 19:12:46 INFO shap-it-like-its-hot run_id=mvs-linear-hpo-20260219-180825-cd385ce6 seed=42 Achieved train positive ratio=0.1000
2026-02-19 19:12:50 INFO shap-it-like-its-hot run_id=mvs-linear-hpo-20260219-180825-cd385ce6 seed=42 Target resampling ratio=0.30
2026-02-19 19:13:05 INFO shap-it-like-its-hot run_id=mvs-linear-hpo-20260219-180825-cd385ce6 seed=42 Best inner-CV roc_auc=0.7834 best_params={'n_estimators': 100, 'learning_rate': 0.05, 'reg_alpha': 0.0, 'reg_lambda': 0.1}
2026-02-19 19:13:05 INFO shap-it-like-its-hot run_id=mvs-linear-hpo-20260219-180825-cd385ce6 seed=42 Achieved train positive ratio=0.3000
2026-02-19 19:13:09 INFO shap-it-like-its-hot run_id=mvs-linear-hpo-20260219-180825-cd385ce6 seed=42 Target resampling ratio=0.50
2026-02-19 19:13:25 INFO shap-it-like-its-hot run_id=mvs-linear-hpo-20260219-180825-cd385ce6 seed=42 Best inner-CV roc_auc=0.7922 best_params={'n_estimators': 100, 'learning_rate': 0.05, 'reg_alpha': 0.0, 'reg_lambda': 0.1}
2026-02-19 19:13:25 INFO shap-it-like-its-hot run_id=mvs-linear-hpo-20260219-180825-cd385ce6 seed=42 Achieved train positive ratio=0.5000
2026-02-19 19:13:30 INFO shap-it-like-its-hot run_id=mvs-linear-hpo-20260219-180825-cd385ce6 seed=42 Outer fold repeat=1 fold=0 seed=43
2026-02-19 19:13:30 INFO shap-it-like-its-hot run_id=mvs-linear-hpo-20260219-180825-cd385ce6 seed=42 Target resampling ratio=0.10
2026-02-19 19:13:46 INFO shap-it-like-its-hot run_id=mvs-linear-hpo-20260219-180825-cd385ce6 seed=42 Best inner-CV roc_auc=0.7445 best_params={'n_estimators': 100, 'learning_rate': 0.05, 'reg_alpha': 0.0, 'reg_lambda': 0.1}
2026-02-19 19:13:46 INFO shap-it-like-its-hot run_id=mvs-linear-hpo-20260219-180825-cd385ce6 seed=42 Achieved train positive ratio=0.1000
2026-02-19 19:13:50 INFO shap-it-like-its-hot run_id=mvs-linear-hpo-20260219-180825-cd385ce6 seed=42 Target resampling ratio=0.30
2026-02-19 19:14:07 INFO shap-it-like-its-hot run_id=mvs-linear-hpo-20260219-180825-cd385ce6 seed=42 Best inner-CV roc_auc=0.7810 best_params={'n_estimators': 100, 'learning_rate': 0.05, 'reg_alpha': 0.0, 'reg_lambda': 0.1}
2026-02-19 19:14:07 INFO shap-it-like-its-hot run_id=mvs-linear-hpo-20260219-180825-cd385ce6 seed=42 Achieved train positive ratio=0.3000
2026-02-19 19:14:12 INFO shap-it-like-its-hot run_id=mvs-linear-hpo-20260219-180825-cd385ce6 seed=42 Target resampling ratio=0.50
2026-02-19 19:14:29 INFO shap-it-like-its-hot run_id=mvs-linear-hpo-20260219-180825-cd385ce6 seed=42 Best inner-CV roc_auc=0.7758 best_params={'n_estimators': 100, 'learning_rate': 0.1, 'reg_alpha': 0.0, 'reg_lambda': 0.1}
2026-02-19 19:14:29 INFO shap-it-like-its-hot run_id=mvs-linear-hpo-20260219-180825-cd385ce6 seed=42 Achieved train positive ratio=0.5000
2026-02-19 19:14:33 INFO shap-it-like-its-hot run_id=mvs-linear-hpo-20260219-180825-cd385ce6 seed=42 Outer fold repeat=1 fold=1 seed=43
2026-02-19 19:14:33 INFO shap-it-like-its-hot run_id=mvs-linear-hpo-20260219-180825-cd385ce6 seed=42 Target resampling ratio=0.10
2026-02-19 19:14:50 INFO shap-it-like-its-hot run_id=mvs-linear-hpo-20260219-180825-cd385ce6 seed=42 Best inner-CV roc_auc=0.7446 best_params={'n_estimators': 100, 'learning_rate': 0.05, 'reg_alpha': 0.0, 'reg_lambda': 0.1}
2026-02-19 19:14:50 INFO shap-it-like-its-hot run_id=mvs-linear-hpo-20260219-180825-cd385ce6 seed=42 Achieved train positive ratio=0.1000
2026-02-19 19:14:55 INFO shap-it-like-its-hot run_id=mvs-linear-hpo-20260219-180825-cd385ce6 seed=42 Target resampling ratio=0.30
2026-02-19 19:15:11 INFO shap-it-like-its-hot run_id=mvs-linear-hpo-20260219-180825-cd385ce6 seed=42 Best inner-CV roc_auc=0.7825 best_params={'n_estimators': 100, 'learning_rate': 0.05, 'reg_alpha': 0.0, 'reg_lambda': 0.1}
2026-02-19 19:15:11 INFO shap-it-like-its-hot run_id=mvs-linear-hpo-20260219-180825-cd385ce6 seed=42 Achieved train positive ratio=0.3000
2026-02-19 19:15:15 INFO shap-it-like-its-hot run_id=mvs-linear-hpo-20260219-180825-cd385ce6 seed=42 Target resampling ratio=0.50
2026-02-19 19:15:34 INFO shap-it-like-its-hot run_id=mvs-linear-hpo-20260219-180825-cd385ce6 seed=42 Best inner-CV roc_auc=0.7825 best_params={'n_estimators': 200, 'learning_rate': 0.05, 'reg_alpha': 0.0, 'reg_lambda': 0.1}
2026-02-19 19:15:34 INFO shap-it-like-its-hot run_id=mvs-linear-hpo-20260219-180825-cd385ce6 seed=42 Achieved train positive ratio=0.5000
2026-02-19 19:15:39 INFO shap-it-like-its-hot run_id=mvs-linear-hpo-20260219-180825-cd385ce6 seed=42 Outer fold repeat=1 fold=2 seed=43
2026-02-19 19:15:39 INFO shap-it-like-its-hot run_id=mvs-linear-hpo-20260219-180825-cd385ce6 seed=42 Target resampling ratio=0.10
2026-02-19 19:16:01 INFO shap-it-like-its-hot run_id=mvs-linear-hpo-20260219-180825-cd385ce6 seed=42 Best inner-CV roc_auc=0.7528 best_params={'n_estimators': 100, 'learning_rate': 0.05, 'reg_alpha': 0.0, 'reg_lambda': 0.1}
2026-02-19 19:16:01 INFO shap-it-like-its-hot run_id=mvs-linear-hpo-20260219-180825-cd385ce6 seed=42 Achieved train positive ratio=0.1000
2026-02-19 19:16:06 INFO shap-it-like-its-hot run_id=mvs-linear-hpo-20260219-180825-cd385ce6 seed=42 Target resampling ratio=0.30
2026-02-19 19:16:31 INFO shap-it-like-its-hot run_id=mvs-linear-hpo-20260219-180825-cd385ce6 seed=42 Best inner-CV roc_auc=0.7844 best_params={'n_estimators': 100, 'learning_rate': 0.05, 'reg_alpha': 0.0, 'reg_lambda': 0.1}
2026-02-19 19:16:31 INFO shap-it-like-its-hot run_id=mvs-linear-hpo-20260219-180825-cd385ce6 seed=42 Achieved train positive ratio=0.3000
2026-02-19 19:16:36 INFO shap-it-like-its-hot run_id=mvs-linear-hpo-20260219-180825-cd385ce6 seed=42 Target resampling ratio=0.50
2026-02-19 19:16:59 INFO shap-it-like-its-hot run_id=mvs-linear-hpo-20260219-180825-cd385ce6 seed=42 Best inner-CV roc_auc=0.7885 best_params={'n_estimators': 100, 'learning_rate': 0.05, 'reg_alpha': 0.0, 'reg_lambda': 0.1}
2026-02-19 19:16:59 INFO shap-it-like-its-hot run_id=mvs-linear-hpo-20260219-180825-cd385ce6 seed=42 Achieved train positive ratio=0.5000
2026-02-19 19:17:03 INFO shap-it-like-its-hot run_id=mvs-linear-hpo-20260219-180825-cd385ce6 seed=42 Outer fold repeat=1 fold=3 seed=43
2026-02-19 19:17:03 INFO shap-it-like-its-hot run_id=mvs-linear-hpo-20260219-180825-cd385ce6 seed=42 Target resampling ratio=0.10
2026-02-19 19:17:18 INFO shap-it-like-its-hot run_id=mvs-linear-hpo-20260219-180825-cd385ce6 seed=42 Best inner-CV roc_auc=0.7322 best_params={'n_estimators': 100, 'learning_rate': 0.1, 'reg_alpha': 0.0, 'reg_lambda': 0.1}
2026-02-19 19:17:18 INFO shap-it-like-its-hot run_id=mvs-linear-hpo-20260219-180825-cd385ce6 seed=42 Achieved train positive ratio=0.1000
2026-02-19 19:17:22 INFO shap-it-like-its-hot run_id=mvs-linear-hpo-20260219-180825-cd385ce6 seed=42 Target resampling ratio=0.30
2026-02-19 19:17:36 INFO shap-it-like-its-hot run_id=mvs-linear-hpo-20260219-180825-cd385ce6 seed=42 Best inner-CV roc_auc=0.7718 best_params={'n_estimators': 100, 'learning_rate': 0.05, 'reg_alpha': 0.0, 'reg_lambda': 0.1}
2026-02-19 19:17:36 INFO shap-it-like-its-hot run_id=mvs-linear-hpo-20260219-180825-cd385ce6 seed=42 Achieved train positive ratio=0.3000
2026-02-19 19:17:40 INFO shap-it-like-its-hot run_id=mvs-linear-hpo-20260219-180825-cd385ce6 seed=42 Target resampling ratio=0.50
2026-02-19 19:17:56 INFO shap-it-like-its-hot run_id=mvs-linear-hpo-20260219-180825-cd385ce6 seed=42 Best inner-CV roc_auc=0.7653 best_params={'n_estimators': 500, 'learning_rate': 0.1, 'reg_alpha': 0.0, 'reg_lambda': 0.1}
2026-02-19 19:17:56 INFO shap-it-like-its-hot run_id=mvs-linear-hpo-20260219-180825-cd385ce6 seed=42 Achieved train positive ratio=0.5000
2026-02-19 19:18:00 INFO shap-it-like-its-hot run_id=mvs-linear-hpo-20260219-180825-cd385ce6 seed=42 Outer fold repeat=1 fold=4 seed=43
2026-02-19 19:18:00 INFO shap-it-like-its-hot run_id=mvs-linear-hpo-20260219-180825-cd385ce6 seed=42 Target resampling ratio=0.10
2026-02-19 19:18:15 INFO shap-it-like-its-hot run_id=mvs-linear-hpo-20260219-180825-cd385ce6 seed=42 Best inner-CV roc_auc=0.7405 best_params={'n_estimators': 100, 'learning_rate': 0.05, 'reg_alpha': 0.0, 'reg_lambda': 0.1}
2026-02-19 19:18:15 INFO shap-it-like-its-hot run_id=mvs-linear-hpo-20260219-180825-cd385ce6 seed=42 Achieved train positive ratio=0.1000
2026-02-19 19:18:19 INFO shap-it-like-its-hot run_id=mvs-linear-hpo-20260219-180825-cd385ce6 seed=42 Target resampling ratio=0.30
2026-02-19 19:18:37 INFO shap-it-like-its-hot run_id=mvs-linear-hpo-20260219-180825-cd385ce6 seed=42 Best inner-CV roc_auc=0.7769 best_params={'n_estimators': 100, 'learning_rate': 0.05, 'reg_alpha': 0.0, 'reg_lambda': 0.1}
2026-02-19 19:18:37 INFO shap-it-like-its-hot run_id=mvs-linear-hpo-20260219-180825-cd385ce6 seed=42 Achieved train positive ratio=0.3000
2026-02-19 19:18:41 INFO shap-it-like-its-hot run_id=mvs-linear-hpo-20260219-180825-cd385ce6 seed=42 Target resampling ratio=0.50
2026-02-19 19:19:00 INFO shap-it-like-its-hot run_id=mvs-linear-hpo-20260219-180825-cd385ce6 seed=42 Best inner-CV roc_auc=0.7698 best_params={'n_estimators': 100, 'learning_rate': 0.05, 'reg_alpha': 0.0, 'reg_lambda': 0.1}
2026-02-19 19:19:00 INFO shap-it-like-its-hot run_id=mvs-linear-hpo-20260219-180825-cd385ce6 seed=42 Achieved train positive ratio=0.5000
2026-02-19 19:19:05 INFO shap-it-like-its-hot run_id=mvs-linear-hpo-20260219-180825-cd385ce6 seed=42 Outer fold repeat=2 fold=0 seed=44
2026-02-19 19:19:05 INFO shap-it-like-its-hot run_id=mvs-linear-hpo-20260219-180825-cd385ce6 seed=42 Target resampling ratio=0.10
2026-02-19 19:19:25 INFO shap-it-like-its-hot run_id=mvs-linear-hpo-20260219-180825-cd385ce6 seed=42 Best inner-CV roc_auc=0.7404 best_params={'n_estimators': 100, 'learning_rate': 0.1, 'reg_alpha': 0.0, 'reg_lambda': 0.1}
2026-02-19 19:19:25 INFO shap-it-like-its-hot run_id=mvs-linear-hpo-20260219-180825-cd385ce6 seed=42 Achieved train positive ratio=0.1000
2026-02-19 19:19:29 INFO shap-it-like-its-hot run_id=mvs-linear-hpo-20260219-180825-cd385ce6 seed=42 Target resampling ratio=0.30
2026-02-19 19:19:44 INFO shap-it-like-its-hot run_id=mvs-linear-hpo-20260219-180825-cd385ce6 seed=42 Best inner-CV roc_auc=0.7779 best_params={'n_estimators': 100, 'learning_rate': 0.05, 'reg_alpha': 0.0, 'reg_lambda': 0.1}
2026-02-19 19:19:44 INFO shap-it-like-its-hot run_id=mvs-linear-hpo-20260219-180825-cd385ce6 seed=42 Achieved train positive ratio=0.3000
2026-02-19 19:19:48 INFO shap-it-like-its-hot run_id=mvs-linear-hpo-20260219-180825-cd385ce6 seed=42 Target resampling ratio=0.50
2026-02-19 19:20:03 INFO shap-it-like-its-hot run_id=mvs-linear-hpo-20260219-180825-cd385ce6 seed=42 Best inner-CV roc_auc=0.7817 best_params={'n_estimators': 100, 'learning_rate': 0.05, 'reg_alpha': 0.0, 'reg_lambda': 0.1}
2026-02-19 19:20:03 INFO shap-it-like-its-hot run_id=mvs-linear-hpo-20260219-180825-cd385ce6 seed=42 Achieved train positive ratio=0.5000
2026-02-19 19:20:07 INFO shap-it-like-its-hot run_id=mvs-linear-hpo-20260219-180825-cd385ce6 seed=42 Outer fold repeat=2 fold=1 seed=44
2026-02-19 19:20:07 INFO shap-it-like-its-hot run_id=mvs-linear-hpo-20260219-180825-cd385ce6 seed=42 Target resampling ratio=0.10
2026-02-19 19:20:24 INFO shap-it-like-its-hot run_id=mvs-linear-hpo-20260219-180825-cd385ce6 seed=42 Best inner-CV roc_auc=0.7410 best_params={'n_estimators': 100, 'learning_rate': 0.05, 'reg_alpha': 0.0, 'reg_lambda': 0.1}
2026-02-19 19:20:24 INFO shap-it-like-its-hot run_id=mvs-linear-hpo-20260219-180825-cd385ce6 seed=42 Achieved train positive ratio=0.1000
2026-02-19 19:20:29 INFO shap-it-like-its-hot run_id=mvs-linear-hpo-20260219-180825-cd385ce6 seed=42 Target resampling ratio=0.30
2026-02-19 19:20:48 INFO shap-it-like-its-hot run_id=mvs-linear-hpo-20260219-180825-cd385ce6 seed=42 Best inner-CV roc_auc=0.7778 best_params={'n_estimators': 100, 'learning_rate': 0.05, 'reg_alpha': 0.0, 'reg_lambda': 0.1}
2026-02-19 19:20:48 INFO shap-it-like-its-hot run_id=mvs-linear-hpo-20260219-180825-cd385ce6 seed=42 Achieved train positive ratio=0.3000
2026-02-19 19:20:52 INFO shap-it-like-its-hot run_id=mvs-linear-hpo-20260219-180825-cd385ce6 seed=42 Target resampling ratio=0.50
2026-02-19 19:21:18 INFO shap-it-like-its-hot run_id=mvs-linear-hpo-20260219-180825-cd385ce6 seed=42 Best inner-CV roc_auc=0.7903 best_params={'n_estimators': 100, 'learning_rate': 0.05, 'reg_alpha': 0.0, 'reg_lambda': 0.1}
2026-02-19 19:21:18 INFO shap-it-like-its-hot run_id=mvs-linear-hpo-20260219-180825-cd385ce6 seed=42 Achieved train positive ratio=0.5000
2026-02-19 19:21:23 INFO shap-it-like-its-hot run_id=mvs-linear-hpo-20260219-180825-cd385ce6 seed=42 Outer fold repeat=2 fold=2 seed=44
2026-02-19 19:21:23 INFO shap-it-like-its-hot run_id=mvs-linear-hpo-20260219-180825-cd385ce6 seed=42 Target resampling ratio=0.10
2026-02-19 19:21:48 INFO shap-it-like-its-hot run_id=mvs-linear-hpo-20260219-180825-cd385ce6 seed=42 Best inner-CV roc_auc=0.7611 best_params={'n_estimators': 100, 'learning_rate': 0.05, 'reg_alpha': 0.0, 'reg_lambda': 0.1}
2026-02-19 19:21:48 INFO shap-it-like-its-hot run_id=mvs-linear-hpo-20260219-180825-cd385ce6 seed=42 Achieved train positive ratio=0.1000
2026-02-19 19:21:53 INFO shap-it-like-its-hot run_id=mvs-linear-hpo-20260219-180825-cd385ce6 seed=42 Target resampling ratio=0.30
2026-02-19 19:22:11 INFO shap-it-like-its-hot run_id=mvs-linear-hpo-20260219-180825-cd385ce6 seed=42 Best inner-CV roc_auc=0.7910 best_params={'n_estimators': 100, 'learning_rate': 0.05, 'reg_alpha': 0.0, 'reg_lambda': 0.1}
2026-02-19 19:22:11 INFO shap-it-like-its-hot run_id=mvs-linear-hpo-20260219-180825-cd385ce6 seed=42 Achieved train positive ratio=0.3000
2026-02-19 19:22:16 INFO shap-it-like-its-hot run_id=mvs-linear-hpo-20260219-180825-cd385ce6 seed=42 Target resampling ratio=0.50
2026-02-19 19:22:36 INFO shap-it-like-its-hot run_id=mvs-linear-hpo-20260219-180825-cd385ce6 seed=42 Best inner-CV roc_auc=0.7951 best_params={'n_estimators': 100, 'learning_rate': 0.05, 'reg_alpha': 0.0, 'reg_lambda': 0.1}
2026-02-19 19:22:36 INFO shap-it-like-its-hot run_id=mvs-linear-hpo-20260219-180825-cd385ce6 seed=42 Achieved train positive ratio=0.5000
2026-02-19 19:22:40 INFO shap-it-like-its-hot run_id=mvs-linear-hpo-20260219-180825-cd385ce6 seed=42 Outer fold repeat=2 fold=3 seed=44
2026-02-19 19:22:40 INFO shap-it-like-its-hot run_id=mvs-linear-hpo-20260219-180825-cd385ce6 seed=42 Target resampling ratio=0.10
2026-02-19 19:23:00 INFO shap-it-like-its-hot run_id=mvs-linear-hpo-20260219-180825-cd385ce6 seed=42 Best inner-CV roc_auc=0.7486 best_params={'n_estimators': 100, 'learning_rate': 0.05, 'reg_alpha': 0.0, 'reg_lambda': 0.1}
2026-02-19 19:23:00 INFO shap-it-like-its-hot run_id=mvs-linear-hpo-20260219-180825-cd385ce6 seed=42 Achieved train positive ratio=0.1000
2026-02-19 19:23:05 INFO shap-it-like-its-hot run_id=mvs-linear-hpo-20260219-180825-cd385ce6 seed=42 Target resampling ratio=0.30
2026-02-19 19:23:22 INFO shap-it-like-its-hot run_id=mvs-linear-hpo-20260219-180825-cd385ce6 seed=42 Best inner-CV roc_auc=0.7807 best_params={'n_estimators': 100, 'learning_rate': 0.05, 'reg_alpha': 0.0, 'reg_lambda': 0.1}
2026-02-19 19:23:22 INFO shap-it-like-its-hot run_id=mvs-linear-hpo-20260219-180825-cd385ce6 seed=42 Achieved train positive ratio=0.3000
2026-02-19 19:23:27 INFO shap-it-like-its-hot run_id=mvs-linear-hpo-20260219-180825-cd385ce6 seed=42 Target resampling ratio=0.50
2026-02-19 19:23:43 INFO shap-it-like-its-hot run_id=mvs-linear-hpo-20260219-180825-cd385ce6 seed=42 Best inner-CV roc_auc=0.7775 best_params={'n_estimators': 100, 'learning_rate': 0.1, 'reg_alpha': 0.0, 'reg_lambda': 0.1}
2026-02-19 19:23:43 INFO shap-it-like-its-hot run_id=mvs-linear-hpo-20260219-180825-cd385ce6 seed=42 Achieved train positive ratio=0.5000
2026-02-19 19:23:47 INFO shap-it-like-its-hot run_id=mvs-linear-hpo-20260219-180825-cd385ce6 seed=42 Outer fold repeat=2 fold=4 seed=44
2026-02-19 19:23:47 INFO shap-it-like-its-hot run_id=mvs-linear-hpo-20260219-180825-cd385ce6 seed=42 Target resampling ratio=0.10
2026-02-19 19:24:03 INFO shap-it-like-its-hot run_id=mvs-linear-hpo-20260219-180825-cd385ce6 seed=42 Best inner-CV roc_auc=0.7487 best_params={'n_estimators': 100, 'learning_rate': 0.05, 'reg_alpha': 0.0, 'reg_lambda': 0.1}
2026-02-19 19:24:03 INFO shap-it-like-its-hot run_id=mvs-linear-hpo-20260219-180825-cd385ce6 seed=42 Achieved train positive ratio=0.1000
2026-02-19 19:24:07 INFO shap-it-like-its-hot run_id=mvs-linear-hpo-20260219-180825-cd385ce6 seed=42 Target resampling ratio=0.30
2026-02-19 19:24:23 INFO shap-it-like-its-hot run_id=mvs-linear-hpo-20260219-180825-cd385ce6 seed=42 Best inner-CV roc_auc=0.7694 best_params={'n_estimators': 100, 'learning_rate': 0.05, 'reg_alpha': 0.0, 'reg_lambda': 0.1}
2026-02-19 19:24:23 INFO shap-it-like-its-hot run_id=mvs-linear-hpo-20260219-180825-cd385ce6 seed=42 Achieved train positive ratio=0.3000
2026-02-19 19:24:28 INFO shap-it-like-its-hot run_id=mvs-linear-hpo-20260219-180825-cd385ce6 seed=42 Target resampling ratio=0.50
2026-02-19 19:24:43 INFO shap-it-like-its-hot run_id=mvs-linear-hpo-20260219-180825-cd385ce6 seed=42 Best inner-CV roc_auc=0.7628 best_params={'n_estimators': 100, 'learning_rate': 0.05, 'reg_alpha': 0.0, 'reg_lambda': 0.1}
2026-02-19 19:24:43 INFO shap-it-like-its-hot run_id=mvs-linear-hpo-20260219-180825-cd385ce6 seed=42 Achieved train positive ratio=0.5000
2026-02-19 19:24:47 INFO shap-it-like-its-hot run_id=mvs-linear-hpo-20260219-180825-cd385ce6 seed=42 Outer fold repeat=3 fold=0 seed=45
2026-02-19 19:24:47 INFO shap-it-like-its-hot run_id=mvs-linear-hpo-20260219-180825-cd385ce6 seed=42 Target resampling ratio=0.10
2026-02-19 19:25:05 INFO shap-it-like-its-hot run_id=mvs-linear-hpo-20260219-180825-cd385ce6 seed=42 Best inner-CV roc_auc=0.7314 best_params={'n_estimators': 200, 'learning_rate': 0.05, 'reg_alpha': 0.0, 'reg_lambda': 0.1}
2026-02-19 19:25:05 INFO shap-it-like-its-hot run_id=mvs-linear-hpo-20260219-180825-cd385ce6 seed=42 Achieved train positive ratio=0.1000
2026-02-19 19:25:09 INFO shap-it-like-its-hot run_id=mvs-linear-hpo-20260219-180825-cd385ce6 seed=42 Target resampling ratio=0.30
2026-02-19 19:25:26 INFO shap-it-like-its-hot run_id=mvs-linear-hpo-20260219-180825-cd385ce6 seed=42 Best inner-CV roc_auc=0.7707 best_params={'n_estimators': 100, 'learning_rate': 0.05, 'reg_alpha': 0.0, 'reg_lambda': 0.1}
2026-02-19 19:25:26 INFO shap-it-like-its-hot run_id=mvs-linear-hpo-20260219-180825-cd385ce6 seed=42 Achieved train positive ratio=0.3000
2026-02-19 19:25:30 INFO shap-it-like-its-hot run_id=mvs-linear-hpo-20260219-180825-cd385ce6 seed=42 Target resampling ratio=0.50
2026-02-19 19:25:48 INFO shap-it-like-its-hot run_id=mvs-linear-hpo-20260219-180825-cd385ce6 seed=42 Best inner-CV roc_auc=0.7726 best_params={'n_estimators': 100, 'learning_rate': 0.1, 'reg_alpha': 0.0, 'reg_lambda': 0.1}
2026-02-19 19:25:48 INFO shap-it-like-its-hot run_id=mvs-linear-hpo-20260219-180825-cd385ce6 seed=42 Achieved train positive ratio=0.5000
2026-02-19 19:25:52 INFO shap-it-like-its-hot run_id=mvs-linear-hpo-20260219-180825-cd385ce6 seed=42 Outer fold repeat=3 fold=1 seed=45
2026-02-19 19:25:52 INFO shap-it-like-its-hot run_id=mvs-linear-hpo-20260219-180825-cd385ce6 seed=42 Target resampling ratio=0.10
2026-02-19 19:26:07 INFO shap-it-like-its-hot run_id=mvs-linear-hpo-20260219-180825-cd385ce6 seed=42 Best inner-CV roc_auc=0.7456 best_params={'n_estimators': 100, 'learning_rate': 0.05, 'reg_alpha': 0.0, 'reg_lambda': 0.1}
2026-02-19 19:26:07 INFO shap-it-like-its-hot run_id=mvs-linear-hpo-20260219-180825-cd385ce6 seed=42 Achieved train positive ratio=0.1000
2026-02-19 19:26:11 INFO shap-it-like-its-hot run_id=mvs-linear-hpo-20260219-180825-cd385ce6 seed=42 Target resampling ratio=0.30
2026-02-19 19:26:27 INFO shap-it-like-its-hot run_id=mvs-linear-hpo-20260219-180825-cd385ce6 seed=42 Best inner-CV roc_auc=0.7791 best_params={'n_estimators': 100, 'learning_rate': 0.05, 'reg_alpha': 0.0, 'reg_lambda': 0.1}
2026-02-19 19:26:27 INFO shap-it-like-its-hot run_id=mvs-linear-hpo-20260219-180825-cd385ce6 seed=42 Achieved train positive ratio=0.3000
2026-02-19 19:26:31 INFO shap-it-like-its-hot run_id=mvs-linear-hpo-20260219-180825-cd385ce6 seed=42 Target resampling ratio=0.50
2026-02-19 19:26:49 INFO shap-it-like-its-hot run_id=mvs-linear-hpo-20260219-180825-cd385ce6 seed=42 Best inner-CV roc_auc=0.7752 best_params={'n_estimators': 100, 'learning_rate': 0.05, 'reg_alpha': 0.0, 'reg_lambda': 0.1}
2026-02-19 19:26:49 INFO shap-it-like-its-hot run_id=mvs-linear-hpo-20260219-180825-cd385ce6 seed=42 Achieved train positive ratio=0.5000
2026-02-19 19:26:54 INFO shap-it-like-its-hot run_id=mvs-linear-hpo-20260219-180825-cd385ce6 seed=42 Outer fold repeat=3 fold=2 seed=45
2026-02-19 19:26:55 INFO shap-it-like-its-hot run_id=mvs-linear-hpo-20260219-180825-cd385ce6 seed=42 Target resampling ratio=0.10
2026-02-19 19:27:15 INFO shap-it-like-its-hot run_id=mvs-linear-hpo-20260219-180825-cd385ce6 seed=42 Best inner-CV roc_auc=0.7491 best_params={'n_estimators': 100, 'learning_rate': 0.05, 'reg_alpha': 0.0, 'reg_lambda': 0.1}
2026-02-19 19:27:15 INFO shap-it-like-its-hot run_id=mvs-linear-hpo-20260219-180825-cd385ce6 seed=42 Achieved train positive ratio=0.1000
2026-02-19 19:27:20 INFO shap-it-like-its-hot run_id=mvs-linear-hpo-20260219-180825-cd385ce6 seed=42 Target resampling ratio=0.30
2026-02-19 19:27:38 INFO shap-it-like-its-hot run_id=mvs-linear-hpo-20260219-180825-cd385ce6 seed=42 Best inner-CV roc_auc=0.7875 best_params={'n_estimators': 100, 'learning_rate': 0.05, 'reg_alpha': 0.0, 'reg_lambda': 0.1}
2026-02-19 19:27:38 INFO shap-it-like-its-hot run_id=mvs-linear-hpo-20260219-180825-cd385ce6 seed=42 Achieved train positive ratio=0.3000
2026-02-19 19:27:43 INFO shap-it-like-its-hot run_id=mvs-linear-hpo-20260219-180825-cd385ce6 seed=42 Target resampling ratio=0.50
2026-02-19 19:28:07 INFO shap-it-like-its-hot run_id=mvs-linear-hpo-20260219-180825-cd385ce6 seed=42 Best inner-CV roc_auc=0.7842 best_params={'n_estimators': 100, 'learning_rate': 0.05, 'reg_alpha': 0.0, 'reg_lambda': 0.1}
2026-02-19 19:28:07 INFO shap-it-like-its-hot run_id=mvs-linear-hpo-20260219-180825-cd385ce6 seed=42 Achieved train positive ratio=0.5000
2026-02-19 19:28:12 INFO shap-it-like-its-hot run_id=mvs-linear-hpo-20260219-180825-cd385ce6 seed=42 Outer fold repeat=3 fold=3 seed=45
2026-02-19 19:28:12 INFO shap-it-like-its-hot run_id=mvs-linear-hpo-20260219-180825-cd385ce6 seed=42 Target resampling ratio=0.10
2026-02-19 19:28:33 INFO shap-it-like-its-hot run_id=mvs-linear-hpo-20260219-180825-cd385ce6 seed=42 Best inner-CV roc_auc=0.7436 best_params={'n_estimators': 200, 'learning_rate': 0.05, 'reg_alpha': 0.0, 'reg_lambda': 0.1}
2026-02-19 19:28:33 INFO shap-it-like-its-hot run_id=mvs-linear-hpo-20260219-180825-cd385ce6 seed=42 Achieved train positive ratio=0.1000
2026-02-19 19:28:37 INFO shap-it-like-its-hot run_id=mvs-linear-hpo-20260219-180825-cd385ce6 seed=42 Target resampling ratio=0.30
2026-02-19 19:28:55 INFO shap-it-like-its-hot run_id=mvs-linear-hpo-20260219-180825-cd385ce6 seed=42 Best inner-CV roc_auc=0.7786 best_params={'n_estimators': 100, 'learning_rate': 0.05, 'reg_alpha': 0.0, 'reg_lambda': 0.1}
2026-02-19 19:28:55 INFO shap-it-like-its-hot run_id=mvs-linear-hpo-20260219-180825-cd385ce6 seed=42 Achieved train positive ratio=0.3000
2026-02-19 19:28:59 INFO shap-it-like-its-hot run_id=mvs-linear-hpo-20260219-180825-cd385ce6 seed=42 Target resampling ratio=0.50
2026-02-19 19:29:18 INFO shap-it-like-its-hot run_id=mvs-linear-hpo-20260219-180825-cd385ce6 seed=42 Best inner-CV roc_auc=0.7758 best_params={'n_estimators': 100, 'learning_rate': 0.1, 'reg_alpha': 0.0, 'reg_lambda': 0.1}
2026-02-19 19:29:18 INFO shap-it-like-its-hot run_id=mvs-linear-hpo-20260219-180825-cd385ce6 seed=42 Achieved train positive ratio=0.5000
2026-02-19 19:29:23 INFO shap-it-like-its-hot run_id=mvs-linear-hpo-20260219-180825-cd385ce6 seed=42 Outer fold repeat=3 fold=4 seed=45
2026-02-19 19:29:23 INFO shap-it-like-its-hot run_id=mvs-linear-hpo-20260219-180825-cd385ce6 seed=42 Target resampling ratio=0.10
2026-02-19 19:29:40 INFO shap-it-like-its-hot run_id=mvs-linear-hpo-20260219-180825-cd385ce6 seed=42 Best inner-CV roc_auc=0.7514 best_params={'n_estimators': 200, 'learning_rate': 0.05, 'reg_alpha': 0.0, 'reg_lambda': 0.1}
2026-02-19 19:29:40 INFO shap-it-like-its-hot run_id=mvs-linear-hpo-20260219-180825-cd385ce6 seed=42 Achieved train positive ratio=0.1000
2026-02-19 19:29:44 INFO shap-it-like-its-hot run_id=mvs-linear-hpo-20260219-180825-cd385ce6 seed=42 Target resampling ratio=0.30
2026-02-19 19:30:08 INFO shap-it-like-its-hot run_id=mvs-linear-hpo-20260219-180825-cd385ce6 seed=42 Best inner-CV roc_auc=0.7763 best_params={'n_estimators': 100, 'learning_rate': 0.05, 'reg_alpha': 0.0, 'reg_lambda': 0.1}
2026-02-19 19:30:08 INFO shap-it-like-its-hot run_id=mvs-linear-hpo-20260219-180825-cd385ce6 seed=42 Achieved train positive ratio=0.3000
2026-02-19 19:30:13 INFO shap-it-like-its-hot run_id=mvs-linear-hpo-20260219-180825-cd385ce6 seed=42 Target resampling ratio=0.50
2026-02-19 19:30:32 INFO shap-it-like-its-hot run_id=mvs-linear-hpo-20260219-180825-cd385ce6 seed=42 Best inner-CV roc_auc=0.7715 best_params={'n_estimators': 100, 'learning_rate': 0.05, 'reg_alpha': 0.0, 'reg_lambda': 0.1}
2026-02-19 19:30:32 INFO shap-it-like-its-hot run_id=mvs-linear-hpo-20260219-180825-cd385ce6 seed=42 Achieved train positive ratio=0.5000
2026-02-19 19:30:37 INFO shap-it-like-its-hot run_id=mvs-linear-hpo-20260219-180825-cd385ce6 seed=42 Outer fold repeat=4 fold=0 seed=46
2026-02-19 19:30:37 INFO shap-it-like-its-hot run_id=mvs-linear-hpo-20260219-180825-cd385ce6 seed=42 Target resampling ratio=0.10
2026-02-19 19:30:57 INFO shap-it-like-its-hot run_id=mvs-linear-hpo-20260219-180825-cd385ce6 seed=42 Best inner-CV roc_auc=0.7319 best_params={'n_estimators': 100, 'learning_rate': 0.05, 'reg_alpha': 0.0, 'reg_lambda': 0.1}
2026-02-19 19:30:57 INFO shap-it-like-its-hot run_id=mvs-linear-hpo-20260219-180825-cd385ce6 seed=42 Achieved train positive ratio=0.1000
2026-02-19 19:31:02 INFO shap-it-like-its-hot run_id=mvs-linear-hpo-20260219-180825-cd385ce6 seed=42 Target resampling ratio=0.30
2026-02-19 19:31:23 INFO shap-it-like-its-hot run_id=mvs-linear-hpo-20260219-180825-cd385ce6 seed=42 Best inner-CV roc_auc=0.7736 best_params={'n_estimators': 100, 'learning_rate': 0.05, 'reg_alpha': 0.0, 'reg_lambda': 0.1}
2026-02-19 19:31:23 INFO shap-it-like-its-hot run_id=mvs-linear-hpo-20260219-180825-cd385ce6 seed=42 Achieved train positive ratio=0.3000
2026-02-19 19:31:28 INFO shap-it-like-its-hot run_id=mvs-linear-hpo-20260219-180825-cd385ce6 seed=42 Target resampling ratio=0.50
2026-02-19 19:31:49 INFO shap-it-like-its-hot run_id=mvs-linear-hpo-20260219-180825-cd385ce6 seed=42 Best inner-CV roc_auc=0.7789 best_params={'n_estimators': 100, 'learning_rate': 0.05, 'reg_alpha': 0.0, 'reg_lambda': 0.1}
2026-02-19 19:31:49 INFO shap-it-like-its-hot run_id=mvs-linear-hpo-20260219-180825-cd385ce6 seed=42 Achieved train positive ratio=0.5000
2026-02-19 19:31:53 INFO shap-it-like-its-hot run_id=mvs-linear-hpo-20260219-180825-cd385ce6 seed=42 Outer fold repeat=4 fold=1 seed=46
2026-02-19 19:31:53 INFO shap-it-like-its-hot run_id=mvs-linear-hpo-20260219-180825-cd385ce6 seed=42 Target resampling ratio=0.10
2026-02-19 19:32:18 INFO shap-it-like-its-hot run_id=mvs-linear-hpo-20260219-180825-cd385ce6 seed=42 Best inner-CV roc_auc=0.7440 best_params={'n_estimators': 100, 'learning_rate': 0.1, 'reg_alpha': 0.0, 'reg_lambda': 0.1}
2026-02-19 19:32:18 INFO shap-it-like-its-hot run_id=mvs-linear-hpo-20260219-180825-cd385ce6 seed=42 Achieved train positive ratio=0.1000
2026-02-19 19:32:22 INFO shap-it-like-its-hot run_id=mvs-linear-hpo-20260219-180825-cd385ce6 seed=42 Target resampling ratio=0.30
2026-02-19 19:32:44 INFO shap-it-like-its-hot run_id=mvs-linear-hpo-20260219-180825-cd385ce6 seed=42 Best inner-CV roc_auc=0.7796 best_params={'n_estimators': 100, 'learning_rate': 0.05, 'reg_alpha': 0.0, 'reg_lambda': 0.1}
2026-02-19 19:32:44 INFO shap-it-like-its-hot run_id=mvs-linear-hpo-20260219-180825-cd385ce6 seed=42 Achieved train positive ratio=0.3000
2026-02-19 19:32:48 INFO shap-it-like-its-hot run_id=mvs-linear-hpo-20260219-180825-cd385ce6 seed=42 Target resampling ratio=0.50
2026-02-19 19:33:09 INFO shap-it-like-its-hot run_id=mvs-linear-hpo-20260219-180825-cd385ce6 seed=42 Best inner-CV roc_auc=0.7798 best_params={'n_estimators': 100, 'learning_rate': 0.1, 'reg_alpha': 0.0, 'reg_lambda': 0.1}
2026-02-19 19:33:09 INFO shap-it-like-its-hot run_id=mvs-linear-hpo-20260219-180825-cd385ce6 seed=42 Achieved train positive ratio=0.5000
2026-02-19 19:33:13 INFO shap-it-like-its-hot run_id=mvs-linear-hpo-20260219-180825-cd385ce6 seed=42 Outer fold repeat=4 fold=2 seed=46
2026-02-19 19:33:13 INFO shap-it-like-its-hot run_id=mvs-linear-hpo-20260219-180825-cd385ce6 seed=42 Target resampling ratio=0.10
2026-02-19 19:33:32 INFO shap-it-like-its-hot run_id=mvs-linear-hpo-20260219-180825-cd385ce6 seed=42 Best inner-CV roc_auc=0.7400 best_params={'n_estimators': 100, 'learning_rate': 0.05, 'reg_alpha': 0.0, 'reg_lambda': 0.1}
2026-02-19 19:33:32 INFO shap-it-like-its-hot run_id=mvs-linear-hpo-20260219-180825-cd385ce6 seed=42 Achieved train positive ratio=0.1000
2026-02-19 19:33:37 INFO shap-it-like-its-hot run_id=mvs-linear-hpo-20260219-180825-cd385ce6 seed=42 Target resampling ratio=0.30
2026-02-19 19:33:55 INFO shap-it-like-its-hot run_id=mvs-linear-hpo-20260219-180825-cd385ce6 seed=42 Best inner-CV roc_auc=0.7834 best_params={'n_estimators': 100, 'learning_rate': 0.05, 'reg_alpha': 0.0, 'reg_lambda': 0.1}
2026-02-19 19:33:55 INFO shap-it-like-its-hot run_id=mvs-linear-hpo-20260219-180825-cd385ce6 seed=42 Achieved train positive ratio=0.3000
2026-02-19 19:33:59 INFO shap-it-like-its-hot run_id=mvs-linear-hpo-20260219-180825-cd385ce6 seed=42 Target resampling ratio=0.50
2026-02-19 19:34:19 INFO shap-it-like-its-hot run_id=mvs-linear-hpo-20260219-180825-cd385ce6 seed=42 Best inner-CV roc_auc=0.7813 best_params={'n_estimators': 100, 'learning_rate': 0.05, 'reg_alpha': 0.0, 'reg_lambda': 0.1}
2026-02-19 19:34:19 INFO shap-it-like-its-hot run_id=mvs-linear-hpo-20260219-180825-cd385ce6 seed=42 Achieved train positive ratio=0.5000
2026-02-19 19:34:24 INFO shap-it-like-its-hot run_id=mvs-linear-hpo-20260219-180825-cd385ce6 seed=42 Outer fold repeat=4 fold=3 seed=46
2026-02-19 19:34:24 INFO shap-it-like-its-hot run_id=mvs-linear-hpo-20260219-180825-cd385ce6 seed=42 Target resampling ratio=0.10
2026-02-19 19:34:46 INFO shap-it-like-its-hot run_id=mvs-linear-hpo-20260219-180825-cd385ce6 seed=42 Best inner-CV roc_auc=0.7470 best_params={'n_estimators': 200, 'learning_rate': 0.05, 'reg_alpha': 0.0, 'reg_lambda': 0.1}
2026-02-19 19:34:46 INFO shap-it-like-its-hot run_id=mvs-linear-hpo-20260219-180825-cd385ce6 seed=42 Achieved train positive ratio=0.1000
2026-02-19 19:34:51 INFO shap-it-like-its-hot run_id=mvs-linear-hpo-20260219-180825-cd385ce6 seed=42 Target resampling ratio=0.30
2026-02-19 19:35:15 INFO shap-it-like-its-hot run_id=mvs-linear-hpo-20260219-180825-cd385ce6 seed=42 Best inner-CV roc_auc=0.7885 best_params={'n_estimators': 100, 'learning_rate': 0.05, 'reg_alpha': 0.0, 'reg_lambda': 0.1}
2026-02-19 19:35:15 INFO shap-it-like-its-hot run_id=mvs-linear-hpo-20260219-180825-cd385ce6 seed=42 Achieved train positive ratio=0.3000
2026-02-19 19:35:19 INFO shap-it-like-its-hot run_id=mvs-linear-hpo-20260219-180825-cd385ce6 seed=42 Target resampling ratio=0.50
2026-02-19 19:35:37 INFO shap-it-like-its-hot run_id=mvs-linear-hpo-20260219-180825-cd385ce6 seed=42 Best inner-CV roc_auc=0.7895 best_params={'n_estimators': 100, 'learning_rate': 0.05, 'reg_alpha': 0.0, 'reg_lambda': 0.1}
2026-02-19 19:35:37 INFO shap-it-like-its-hot run_id=mvs-linear-hpo-20260219-180825-cd385ce6 seed=42 Achieved train positive ratio=0.5000
2026-02-19 19:35:41 INFO shap-it-like-its-hot run_id=mvs-linear-hpo-20260219-180825-cd385ce6 seed=42 Outer fold repeat=4 fold=4 seed=46
2026-02-19 19:35:41 INFO shap-it-like-its-hot run_id=mvs-linear-hpo-20260219-180825-cd385ce6 seed=42 Target resampling ratio=0.10
2026-02-19 19:35:56 INFO shap-it-like-its-hot run_id=mvs-linear-hpo-20260219-180825-cd385ce6 seed=42 Best inner-CV roc_auc=0.7442 best_params={'n_estimators': 200, 'learning_rate': 0.05, 'reg_alpha': 0.0, 'reg_lambda': 0.1}
2026-02-19 19:35:56 INFO shap-it-like-its-hot run_id=mvs-linear-hpo-20260219-180825-cd385ce6 seed=42 Achieved train positive ratio=0.1000
2026-02-19 19:36:00 INFO shap-it-like-its-hot run_id=mvs-linear-hpo-20260219-180825-cd385ce6 seed=42 Target resampling ratio=0.30
2026-02-19 19:36:14 INFO shap-it-like-its-hot run_id=mvs-linear-hpo-20260219-180825-cd385ce6 seed=42 Best inner-CV roc_auc=0.7773 best_params={'n_estimators': 100, 'learning_rate': 0.05, 'reg_alpha': 0.0, 'reg_lambda': 0.1}
2026-02-19 19:36:14 INFO shap-it-like-its-hot run_id=mvs-linear-hpo-20260219-180825-cd385ce6 seed=42 Achieved train positive ratio=0.3000
2026-02-19 19:36:18 INFO shap-it-like-its-hot run_id=mvs-linear-hpo-20260219-180825-cd385ce6 seed=42 Target resampling ratio=0.50
2026-02-19 19:36:32 INFO shap-it-like-its-hot run_id=mvs-linear-hpo-20260219-180825-cd385ce6 seed=42 Best inner-CV roc_auc=0.7841 best_params={'n_estimators': 100, 'learning_rate': 0.05, 'reg_alpha': 0.0, 'reg_lambda': 0.1}
2026-02-19 19:36:32 INFO shap-it-like-its-hot run_id=mvs-linear-hpo-20260219-180825-cd385ce6 seed=42 Achieved train positive ratio=0.5000
2026-02-19 19:36:43 INFO shap-it-like-its-hot run_id=mvs-linear-hpo-20260219-180825-cd385ce6 seed=42 Done. Results written to results/mvs-linear-hpo-20260219-180825-cd385ce6
