2026-02-19 18:13:08 INFO shap-it-like-its-hot run_id=mvs-hpo-20260219-171308-f36ce1ff seed=42 Outer fold repeat=0 fold=0 seed=42
2026-02-19 18:13:08 INFO shap-it-like-its-hot run_id=mvs-hpo-20260219-171308-f36ce1ff seed=42 Target resampling ratio=0.10
2026-02-19 18:13:16 INFO shap-it-like-its-hot run_id=mvs-hpo-20260219-171308-f36ce1ff seed=42 Best inner-CV score (roc_auc)=0.7659 best_params={'colsample_bytree': 0.8, 'learning_rate': 0.05, 'max_depth': 3, 'n_estimators': 100, 'subsample': 0.8}
2026-02-19 18:13:16 INFO shap-it-like-its-hot run_id=mvs-hpo-20260219-171308-f36ce1ff seed=42 Achieved train positive ratio=0.1000
2026-02-19 18:13:19 INFO shap-it-like-its-hot run_id=mvs-hpo-20260219-171308-f36ce1ff seed=42 Target resampling ratio=0.30
2026-02-19 18:13:26 INFO shap-it-like-its-hot run_id=mvs-hpo-20260219-171308-f36ce1ff seed=42 Best inner-CV score (roc_auc)=0.7880 best_params={'colsample_bytree': 1.0, 'learning_rate': 0.05, 'max_depth': 3, 'n_estimators': 200, 'subsample': 0.8}
2026-02-19 18:13:26 INFO shap-it-like-its-hot run_id=mvs-hpo-20260219-171308-f36ce1ff seed=42 Achieved train positive ratio=0.3000
2026-02-19 18:13:30 INFO shap-it-like-its-hot run_id=mvs-hpo-20260219-171308-f36ce1ff seed=42 Target resampling ratio=0.50
2026-02-19 18:13:38 INFO shap-it-like-its-hot run_id=mvs-hpo-20260219-171308-f36ce1ff seed=42 Best inner-CV score (roc_auc)=0.7733 best_params={'colsample_bytree': 0.8, 'learning_rate': 0.05, 'max_depth': 3, 'n_estimators': 100, 'subsample': 0.8}
2026-02-19 18:13:38 INFO shap-it-like-its-hot run_id=mvs-hpo-20260219-171308-f36ce1ff seed=42 Achieved train positive ratio=0.5000
2026-02-19 18:13:41 INFO shap-it-like-its-hot run_id=mvs-hpo-20260219-171308-f36ce1ff seed=42 Outer fold repeat=0 fold=1 seed=42
2026-02-19 18:13:41 INFO shap-it-like-its-hot run_id=mvs-hpo-20260219-171308-f36ce1ff seed=42 Target resampling ratio=0.10
2026-02-19 18:13:49 INFO shap-it-like-its-hot run_id=mvs-hpo-20260219-171308-f36ce1ff seed=42 Best inner-CV score (roc_auc)=0.7403 best_params={'colsample_bytree': 0.8, 'learning_rate': 0.1, 'max_depth': 3, 'n_estimators': 100, 'subsample': 0.8}
2026-02-19 18:13:49 INFO shap-it-like-its-hot run_id=mvs-hpo-20260219-171308-f36ce1ff seed=42 Achieved train positive ratio=0.1000
2026-02-19 18:13:52 INFO shap-it-like-its-hot run_id=mvs-hpo-20260219-171308-f36ce1ff seed=42 Target resampling ratio=0.30
2026-02-19 18:14:00 INFO shap-it-like-its-hot run_id=mvs-hpo-20260219-171308-f36ce1ff seed=42 Best inner-CV score (roc_auc)=0.7989 best_params={'colsample_bytree': 1.0, 'learning_rate': 0.05, 'max_depth': 3, 'n_estimators': 200, 'subsample': 0.8}
2026-02-19 18:14:00 INFO shap-it-like-its-hot run_id=mvs-hpo-20260219-171308-f36ce1ff seed=42 Achieved train positive ratio=0.3000
2026-02-19 18:14:04 INFO shap-it-like-its-hot run_id=mvs-hpo-20260219-171308-f36ce1ff seed=42 Target resampling ratio=0.50
2026-02-19 18:14:12 INFO shap-it-like-its-hot run_id=mvs-hpo-20260219-171308-f36ce1ff seed=42 Best inner-CV score (roc_auc)=0.7899 best_params={'colsample_bytree': 0.8, 'learning_rate': 0.05, 'max_depth': 3, 'n_estimators': 200, 'subsample': 0.8}
2026-02-19 18:14:12 INFO shap-it-like-its-hot run_id=mvs-hpo-20260219-171308-f36ce1ff seed=42 Achieved train positive ratio=0.5000
2026-02-19 18:14:16 INFO shap-it-like-its-hot run_id=mvs-hpo-20260219-171308-f36ce1ff seed=42 Outer fold repeat=0 fold=2 seed=42
2026-02-19 18:14:16 INFO shap-it-like-its-hot run_id=mvs-hpo-20260219-171308-f36ce1ff seed=42 Target resampling ratio=0.10
2026-02-19 18:14:24 INFO shap-it-like-its-hot run_id=mvs-hpo-20260219-171308-f36ce1ff seed=42 Best inner-CV score (roc_auc)=0.7344 best_params={'colsample_bytree': 0.8, 'learning_rate': 0.05, 'max_depth': 3, 'n_estimators': 100, 'subsample': 0.8}
2026-02-19 18:14:24 INFO shap-it-like-its-hot run_id=mvs-hpo-20260219-171308-f36ce1ff seed=42 Achieved train positive ratio=0.1000
2026-02-19 18:14:27 INFO shap-it-like-its-hot run_id=mvs-hpo-20260219-171308-f36ce1ff seed=42 Target resampling ratio=0.30
2026-02-19 18:14:35 INFO shap-it-like-its-hot run_id=mvs-hpo-20260219-171308-f36ce1ff seed=42 Best inner-CV score (roc_auc)=0.7796 best_params={'colsample_bytree': 0.8, 'learning_rate': 0.1, 'max_depth': 4, 'n_estimators': 100, 'subsample': 0.8}
2026-02-19 18:14:35 INFO shap-it-like-its-hot run_id=mvs-hpo-20260219-171308-f36ce1ff seed=42 Achieved train positive ratio=0.3000
2026-02-19 18:14:39 INFO shap-it-like-its-hot run_id=mvs-hpo-20260219-171308-f36ce1ff seed=42 Target resampling ratio=0.50
2026-02-19 18:14:47 INFO shap-it-like-its-hot run_id=mvs-hpo-20260219-171308-f36ce1ff seed=42 Best inner-CV score (roc_auc)=0.7852 best_params={'colsample_bytree': 0.8, 'learning_rate': 0.1, 'max_depth': 3, 'n_estimators': 100, 'subsample': 0.8}
2026-02-19 18:14:47 INFO shap-it-like-its-hot run_id=mvs-hpo-20260219-171308-f36ce1ff seed=42 Achieved train positive ratio=0.5000
2026-02-19 18:14:51 INFO shap-it-like-its-hot run_id=mvs-hpo-20260219-171308-f36ce1ff seed=42 Outer fold repeat=0 fold=3 seed=42
2026-02-19 18:14:51 INFO shap-it-like-its-hot run_id=mvs-hpo-20260219-171308-f36ce1ff seed=42 Target resampling ratio=0.10
2026-02-19 18:14:59 INFO shap-it-like-its-hot run_id=mvs-hpo-20260219-171308-f36ce1ff seed=42 Best inner-CV score (roc_auc)=0.7575 best_params={'colsample_bytree': 0.8, 'learning_rate': 0.05, 'max_depth': 3, 'n_estimators': 200, 'subsample': 0.8}
2026-02-19 18:14:59 INFO shap-it-like-its-hot run_id=mvs-hpo-20260219-171308-f36ce1ff seed=42 Achieved train positive ratio=0.1000
2026-02-19 18:15:03 INFO shap-it-like-its-hot run_id=mvs-hpo-20260219-171308-f36ce1ff seed=42 Target resampling ratio=0.30
2026-02-19 18:15:12 INFO shap-it-like-its-hot run_id=mvs-hpo-20260219-171308-f36ce1ff seed=42 Best inner-CV score (roc_auc)=0.7737 best_params={'colsample_bytree': 0.8, 'learning_rate': 0.1, 'max_depth': 3, 'n_estimators': 100, 'subsample': 0.8}
2026-02-19 18:15:12 INFO shap-it-like-its-hot run_id=mvs-hpo-20260219-171308-f36ce1ff seed=42 Achieved train positive ratio=0.3000
2026-02-19 18:15:16 INFO shap-it-like-its-hot run_id=mvs-hpo-20260219-171308-f36ce1ff seed=42 Target resampling ratio=0.50
2026-02-19 18:15:25 INFO shap-it-like-its-hot run_id=mvs-hpo-20260219-171308-f36ce1ff seed=42 Best inner-CV score (roc_auc)=0.7455 best_params={'colsample_bytree': 0.8, 'learning_rate': 0.1, 'max_depth': 4, 'n_estimators': 100, 'subsample': 0.8}
2026-02-19 18:15:25 INFO shap-it-like-its-hot run_id=mvs-hpo-20260219-171308-f36ce1ff seed=42 Achieved train positive ratio=0.5000
2026-02-19 18:15:30 INFO shap-it-like-its-hot run_id=mvs-hpo-20260219-171308-f36ce1ff seed=42 Outer fold repeat=0 fold=4 seed=42
2026-02-19 18:15:30 INFO shap-it-like-its-hot run_id=mvs-hpo-20260219-171308-f36ce1ff seed=42 Target resampling ratio=0.10
2026-02-19 18:15:39 INFO shap-it-like-its-hot run_id=mvs-hpo-20260219-171308-f36ce1ff seed=42 Best inner-CV score (roc_auc)=0.7704 best_params={'colsample_bytree': 1.0, 'learning_rate': 0.05, 'max_depth': 4, 'n_estimators': 100, 'subsample': 0.8}
2026-02-19 18:15:39 INFO shap-it-like-its-hot run_id=mvs-hpo-20260219-171308-f36ce1ff seed=42 Achieved train positive ratio=0.1000
2026-02-19 18:15:44 INFO shap-it-like-its-hot run_id=mvs-hpo-20260219-171308-f36ce1ff seed=42 Target resampling ratio=0.30
2026-02-19 18:15:53 INFO shap-it-like-its-hot run_id=mvs-hpo-20260219-171308-f36ce1ff seed=42 Best inner-CV score (roc_auc)=0.7833 best_params={'colsample_bytree': 1.0, 'learning_rate': 0.05, 'max_depth': 3, 'n_estimators': 200, 'subsample': 0.8}
2026-02-19 18:15:53 INFO shap-it-like-its-hot run_id=mvs-hpo-20260219-171308-f36ce1ff seed=42 Achieved train positive ratio=0.3000
2026-02-19 18:15:57 INFO shap-it-like-its-hot run_id=mvs-hpo-20260219-171308-f36ce1ff seed=42 Target resampling ratio=0.50
2026-02-19 18:16:04 INFO shap-it-like-its-hot run_id=mvs-hpo-20260219-171308-f36ce1ff seed=42 Best inner-CV score (roc_auc)=0.7650 best_params={'colsample_bytree': 0.8, 'learning_rate': 0.05, 'max_depth': 3, 'n_estimators': 100, 'subsample': 0.8}
2026-02-19 18:16:04 INFO shap-it-like-its-hot run_id=mvs-hpo-20260219-171308-f36ce1ff seed=42 Achieved train positive ratio=0.5000
2026-02-19 18:16:07 INFO shap-it-like-its-hot run_id=mvs-hpo-20260219-171308-f36ce1ff seed=42 Outer fold repeat=1 fold=0 seed=43
2026-02-19 18:16:07 INFO shap-it-like-its-hot run_id=mvs-hpo-20260219-171308-f36ce1ff seed=42 Target resampling ratio=0.10
2026-02-19 18:16:14 INFO shap-it-like-its-hot run_id=mvs-hpo-20260219-171308-f36ce1ff seed=42 Best inner-CV score (roc_auc)=0.7577 best_params={'colsample_bytree': 0.8, 'learning_rate': 0.05, 'max_depth': 3, 'n_estimators': 100, 'subsample': 0.8}
2026-02-19 18:16:14 INFO shap-it-like-its-hot run_id=mvs-hpo-20260219-171308-f36ce1ff seed=42 Achieved train positive ratio=0.1000
2026-02-19 18:16:17 INFO shap-it-like-its-hot run_id=mvs-hpo-20260219-171308-f36ce1ff seed=42 Target resampling ratio=0.30
2026-02-19 18:16:24 INFO shap-it-like-its-hot run_id=mvs-hpo-20260219-171308-f36ce1ff seed=42 Best inner-CV score (roc_auc)=0.7805 best_params={'colsample_bytree': 1.0, 'learning_rate': 0.05, 'max_depth': 3, 'n_estimators': 200, 'subsample': 0.8}
2026-02-19 18:16:24 INFO shap-it-like-its-hot run_id=mvs-hpo-20260219-171308-f36ce1ff seed=42 Achieved train positive ratio=0.3000
2026-02-19 18:16:28 INFO shap-it-like-its-hot run_id=mvs-hpo-20260219-171308-f36ce1ff seed=42 Target resampling ratio=0.50
2026-02-19 18:16:35 INFO shap-it-like-its-hot run_id=mvs-hpo-20260219-171308-f36ce1ff seed=42 Best inner-CV score (roc_auc)=0.7528 best_params={'colsample_bytree': 1.0, 'learning_rate': 0.1, 'max_depth': 3, 'n_estimators': 100, 'subsample': 0.8}
2026-02-19 18:16:35 INFO shap-it-like-its-hot run_id=mvs-hpo-20260219-171308-f36ce1ff seed=42 Achieved train positive ratio=0.5000
2026-02-19 18:16:38 INFO shap-it-like-its-hot run_id=mvs-hpo-20260219-171308-f36ce1ff seed=42 Outer fold repeat=1 fold=1 seed=43
2026-02-19 18:16:38 INFO shap-it-like-its-hot run_id=mvs-hpo-20260219-171308-f36ce1ff seed=42 Target resampling ratio=0.10
2026-02-19 18:16:44 INFO shap-it-like-its-hot run_id=mvs-hpo-20260219-171308-f36ce1ff seed=42 Best inner-CV score (roc_auc)=0.7602 best_params={'colsample_bytree': 0.8, 'learning_rate': 0.05, 'max_depth': 3, 'n_estimators': 100, 'subsample': 0.8}
2026-02-19 18:16:44 INFO shap-it-like-its-hot run_id=mvs-hpo-20260219-171308-f36ce1ff seed=42 Achieved train positive ratio=0.1000
2026-02-19 18:16:47 INFO shap-it-like-its-hot run_id=mvs-hpo-20260219-171308-f36ce1ff seed=42 Target resampling ratio=0.30
2026-02-19 18:16:54 INFO shap-it-like-its-hot run_id=mvs-hpo-20260219-171308-f36ce1ff seed=42 Best inner-CV score (roc_auc)=0.8015 best_params={'colsample_bytree': 0.8, 'learning_rate': 0.1, 'max_depth': 3, 'n_estimators': 100, 'subsample': 0.8}
2026-02-19 18:16:54 INFO shap-it-like-its-hot run_id=mvs-hpo-20260219-171308-f36ce1ff seed=42 Achieved train positive ratio=0.3000
2026-02-19 18:16:57 INFO shap-it-like-its-hot run_id=mvs-hpo-20260219-171308-f36ce1ff seed=42 Target resampling ratio=0.50
2026-02-19 18:17:03 INFO shap-it-like-its-hot run_id=mvs-hpo-20260219-171308-f36ce1ff seed=42 Best inner-CV score (roc_auc)=0.7966 best_params={'colsample_bytree': 1.0, 'learning_rate': 0.05, 'max_depth': 4, 'n_estimators': 200, 'subsample': 1.0}
2026-02-19 18:17:03 INFO shap-it-like-its-hot run_id=mvs-hpo-20260219-171308-f36ce1ff seed=42 Achieved train positive ratio=0.5000
2026-02-19 18:17:07 INFO shap-it-like-its-hot run_id=mvs-hpo-20260219-171308-f36ce1ff seed=42 Outer fold repeat=1 fold=2 seed=43
2026-02-19 18:17:07 INFO shap-it-like-its-hot run_id=mvs-hpo-20260219-171308-f36ce1ff seed=42 Target resampling ratio=0.10
2026-02-19 18:17:13 INFO shap-it-like-its-hot run_id=mvs-hpo-20260219-171308-f36ce1ff seed=42 Best inner-CV score (roc_auc)=0.7492 best_params={'colsample_bytree': 0.8, 'learning_rate': 0.05, 'max_depth': 3, 'n_estimators': 100, 'subsample': 1.0}
2026-02-19 18:17:13 INFO shap-it-like-its-hot run_id=mvs-hpo-20260219-171308-f36ce1ff seed=42 Achieved train positive ratio=0.1000
2026-02-19 18:17:16 INFO shap-it-like-its-hot run_id=mvs-hpo-20260219-171308-f36ce1ff seed=42 Target resampling ratio=0.30
2026-02-19 18:17:23 INFO shap-it-like-its-hot run_id=mvs-hpo-20260219-171308-f36ce1ff seed=42 Best inner-CV score (roc_auc)=0.7929 best_params={'colsample_bytree': 1.0, 'learning_rate': 0.1, 'max_depth': 3, 'n_estimators': 100, 'subsample': 0.8}
2026-02-19 18:17:23 INFO shap-it-like-its-hot run_id=mvs-hpo-20260219-171308-f36ce1ff seed=42 Achieved train positive ratio=0.3000
2026-02-19 18:17:26 INFO shap-it-like-its-hot run_id=mvs-hpo-20260219-171308-f36ce1ff seed=42 Target resampling ratio=0.50
2026-02-19 18:17:32 INFO shap-it-like-its-hot run_id=mvs-hpo-20260219-171308-f36ce1ff seed=42 Best inner-CV score (roc_auc)=0.7939 best_params={'colsample_bytree': 0.8, 'learning_rate': 0.05, 'max_depth': 3, 'n_estimators': 100, 'subsample': 0.8}
2026-02-19 18:17:32 INFO shap-it-like-its-hot run_id=mvs-hpo-20260219-171308-f36ce1ff seed=42 Achieved train positive ratio=0.5000
2026-02-19 18:17:35 INFO shap-it-like-its-hot run_id=mvs-hpo-20260219-171308-f36ce1ff seed=42 Outer fold repeat=1 fold=3 seed=43
2026-02-19 18:17:35 INFO shap-it-like-its-hot run_id=mvs-hpo-20260219-171308-f36ce1ff seed=42 Target resampling ratio=0.10
2026-02-19 18:17:42 INFO shap-it-like-its-hot run_id=mvs-hpo-20260219-171308-f36ce1ff seed=42 Best inner-CV score (roc_auc)=0.7510 best_params={'colsample_bytree': 1.0, 'learning_rate': 0.1, 'max_depth': 3, 'n_estimators': 100, 'subsample': 1.0}
2026-02-19 18:17:42 INFO shap-it-like-its-hot run_id=mvs-hpo-20260219-171308-f36ce1ff seed=42 Achieved train positive ratio=0.1000
2026-02-19 18:17:45 INFO shap-it-like-its-hot run_id=mvs-hpo-20260219-171308-f36ce1ff seed=42 Target resampling ratio=0.30
2026-02-19 18:17:51 INFO shap-it-like-its-hot run_id=mvs-hpo-20260219-171308-f36ce1ff seed=42 Best inner-CV score (roc_auc)=0.7859 best_params={'colsample_bytree': 0.8, 'learning_rate': 0.05, 'max_depth': 3, 'n_estimators': 200, 'subsample': 0.8}
2026-02-19 18:17:51 INFO shap-it-like-its-hot run_id=mvs-hpo-20260219-171308-f36ce1ff seed=42 Achieved train positive ratio=0.3000
2026-02-19 18:17:54 INFO shap-it-like-its-hot run_id=mvs-hpo-20260219-171308-f36ce1ff seed=42 Target resampling ratio=0.50
2026-02-19 18:18:01 INFO shap-it-like-its-hot run_id=mvs-hpo-20260219-171308-f36ce1ff seed=42 Best inner-CV score (roc_auc)=0.7647 best_params={'colsample_bytree': 1.0, 'learning_rate': 0.05, 'max_depth': 3, 'n_estimators': 100, 'subsample': 0.8}
2026-02-19 18:18:01 INFO shap-it-like-its-hot run_id=mvs-hpo-20260219-171308-f36ce1ff seed=42 Achieved train positive ratio=0.5000
2026-02-19 18:18:04 INFO shap-it-like-its-hot run_id=mvs-hpo-20260219-171308-f36ce1ff seed=42 Outer fold repeat=1 fold=4 seed=43
2026-02-19 18:18:04 INFO shap-it-like-its-hot run_id=mvs-hpo-20260219-171308-f36ce1ff seed=42 Target resampling ratio=0.10
2026-02-19 18:18:11 INFO shap-it-like-its-hot run_id=mvs-hpo-20260219-171308-f36ce1ff seed=42 Best inner-CV score (roc_auc)=0.7748 best_params={'colsample_bytree': 0.8, 'learning_rate': 0.05, 'max_depth': 3, 'n_estimators': 100, 'subsample': 0.8}
2026-02-19 18:18:11 INFO shap-it-like-its-hot run_id=mvs-hpo-20260219-171308-f36ce1ff seed=42 Achieved train positive ratio=0.1000
2026-02-19 18:18:14 INFO shap-it-like-its-hot run_id=mvs-hpo-20260219-171308-f36ce1ff seed=42 Target resampling ratio=0.30
2026-02-19 18:18:20 INFO shap-it-like-its-hot run_id=mvs-hpo-20260219-171308-f36ce1ff seed=42 Best inner-CV score (roc_auc)=0.8008 best_params={'colsample_bytree': 0.8, 'learning_rate': 0.05, 'max_depth': 3, 'n_estimators': 100, 'subsample': 0.8}
2026-02-19 18:18:20 INFO shap-it-like-its-hot run_id=mvs-hpo-20260219-171308-f36ce1ff seed=42 Achieved train positive ratio=0.3000
2026-02-19 18:18:23 INFO shap-it-like-its-hot run_id=mvs-hpo-20260219-171308-f36ce1ff seed=42 Target resampling ratio=0.50
2026-02-19 18:18:30 INFO shap-it-like-its-hot run_id=mvs-hpo-20260219-171308-f36ce1ff seed=42 Best inner-CV score (roc_auc)=0.7796 best_params={'colsample_bytree': 0.8, 'learning_rate': 0.1, 'max_depth': 3, 'n_estimators': 100, 'subsample': 0.8}
2026-02-19 18:18:30 INFO shap-it-like-its-hot run_id=mvs-hpo-20260219-171308-f36ce1ff seed=42 Achieved train positive ratio=0.5000
2026-02-19 18:18:32 INFO shap-it-like-its-hot run_id=mvs-hpo-20260219-171308-f36ce1ff seed=42 Outer fold repeat=2 fold=0 seed=44
2026-02-19 18:18:32 INFO shap-it-like-its-hot run_id=mvs-hpo-20260219-171308-f36ce1ff seed=42 Target resampling ratio=0.10
2026-02-19 18:18:39 INFO shap-it-like-its-hot run_id=mvs-hpo-20260219-171308-f36ce1ff seed=42 Best inner-CV score (roc_auc)=0.7750 best_params={'colsample_bytree': 0.8, 'learning_rate': 0.05, 'max_depth': 3, 'n_estimators': 200, 'subsample': 0.8}
2026-02-19 18:18:39 INFO shap-it-like-its-hot run_id=mvs-hpo-20260219-171308-f36ce1ff seed=42 Achieved train positive ratio=0.1000
2026-02-19 18:18:42 INFO shap-it-like-its-hot run_id=mvs-hpo-20260219-171308-f36ce1ff seed=42 Target resampling ratio=0.30
2026-02-19 18:18:49 INFO shap-it-like-its-hot run_id=mvs-hpo-20260219-171308-f36ce1ff seed=42 Best inner-CV score (roc_auc)=0.8004 best_params={'colsample_bytree': 0.8, 'learning_rate': 0.05, 'max_depth': 4, 'n_estimators': 100, 'subsample': 0.8}
2026-02-19 18:18:49 INFO shap-it-like-its-hot run_id=mvs-hpo-20260219-171308-f36ce1ff seed=42 Achieved train positive ratio=0.3000
2026-02-19 18:18:52 INFO shap-it-like-its-hot run_id=mvs-hpo-20260219-171308-f36ce1ff seed=42 Target resampling ratio=0.50
2026-02-19 18:18:58 INFO shap-it-like-its-hot run_id=mvs-hpo-20260219-171308-f36ce1ff seed=42 Best inner-CV score (roc_auc)=0.7855 best_params={'colsample_bytree': 0.8, 'learning_rate': 0.05, 'max_depth': 3, 'n_estimators': 200, 'subsample': 0.8}
2026-02-19 18:18:58 INFO shap-it-like-its-hot run_id=mvs-hpo-20260219-171308-f36ce1ff seed=42 Achieved train positive ratio=0.5000
2026-02-19 18:19:01 INFO shap-it-like-its-hot run_id=mvs-hpo-20260219-171308-f36ce1ff seed=42 Outer fold repeat=2 fold=1 seed=44
2026-02-19 18:19:01 INFO shap-it-like-its-hot run_id=mvs-hpo-20260219-171308-f36ce1ff seed=42 Target resampling ratio=0.10
2026-02-19 18:19:08 INFO shap-it-like-its-hot run_id=mvs-hpo-20260219-171308-f36ce1ff seed=42 Best inner-CV score (roc_auc)=0.7672 best_params={'colsample_bytree': 1.0, 'learning_rate': 0.05, 'max_depth': 3, 'n_estimators': 100, 'subsample': 0.8}
2026-02-19 18:19:08 INFO shap-it-like-its-hot run_id=mvs-hpo-20260219-171308-f36ce1ff seed=42 Achieved train positive ratio=0.1000
2026-02-19 18:19:11 INFO shap-it-like-its-hot run_id=mvs-hpo-20260219-171308-f36ce1ff seed=42 Target resampling ratio=0.30
2026-02-19 18:19:17 INFO shap-it-like-its-hot run_id=mvs-hpo-20260219-171308-f36ce1ff seed=42 Best inner-CV score (roc_auc)=0.7959 best_params={'colsample_bytree': 0.8, 'learning_rate': 0.05, 'max_depth': 4, 'n_estimators': 100, 'subsample': 0.8}
2026-02-19 18:19:17 INFO shap-it-like-its-hot run_id=mvs-hpo-20260219-171308-f36ce1ff seed=42 Achieved train positive ratio=0.3000
2026-02-19 18:19:20 INFO shap-it-like-its-hot run_id=mvs-hpo-20260219-171308-f36ce1ff seed=42 Target resampling ratio=0.50
2026-02-19 18:19:27 INFO shap-it-like-its-hot run_id=mvs-hpo-20260219-171308-f36ce1ff seed=42 Best inner-CV score (roc_auc)=0.7836 best_params={'colsample_bytree': 1.0, 'learning_rate': 0.05, 'max_depth': 4, 'n_estimators': 200, 'subsample': 0.8}
2026-02-19 18:19:27 INFO shap-it-like-its-hot run_id=mvs-hpo-20260219-171308-f36ce1ff seed=42 Achieved train positive ratio=0.5000
2026-02-19 18:19:30 INFO shap-it-like-its-hot run_id=mvs-hpo-20260219-171308-f36ce1ff seed=42 Outer fold repeat=2 fold=2 seed=44
2026-02-19 18:19:30 INFO shap-it-like-its-hot run_id=mvs-hpo-20260219-171308-f36ce1ff seed=42 Target resampling ratio=0.10
2026-02-19 18:19:37 INFO shap-it-like-its-hot run_id=mvs-hpo-20260219-171308-f36ce1ff seed=42 Best inner-CV score (roc_auc)=0.7704 best_params={'colsample_bytree': 0.8, 'learning_rate': 0.05, 'max_depth': 3, 'n_estimators': 100, 'subsample': 0.8}
2026-02-19 18:19:37 INFO shap-it-like-its-hot run_id=mvs-hpo-20260219-171308-f36ce1ff seed=42 Achieved train positive ratio=0.1000
2026-02-19 18:19:40 INFO shap-it-like-its-hot run_id=mvs-hpo-20260219-171308-f36ce1ff seed=42 Target resampling ratio=0.30
2026-02-19 18:19:46 INFO shap-it-like-its-hot run_id=mvs-hpo-20260219-171308-f36ce1ff seed=42 Best inner-CV score (roc_auc)=0.7994 best_params={'colsample_bytree': 0.8, 'learning_rate': 0.05, 'max_depth': 3, 'n_estimators': 100, 'subsample': 0.8}
2026-02-19 18:19:46 INFO shap-it-like-its-hot run_id=mvs-hpo-20260219-171308-f36ce1ff seed=42 Achieved train positive ratio=0.3000
2026-02-19 18:19:49 INFO shap-it-like-its-hot run_id=mvs-hpo-20260219-171308-f36ce1ff seed=42 Target resampling ratio=0.50
2026-02-19 18:19:56 INFO shap-it-like-its-hot run_id=mvs-hpo-20260219-171308-f36ce1ff seed=42 Best inner-CV score (roc_auc)=0.7934 best_params={'colsample_bytree': 1.0, 'learning_rate': 0.05, 'max_depth': 3, 'n_estimators': 100, 'subsample': 0.8}
2026-02-19 18:19:56 INFO shap-it-like-its-hot run_id=mvs-hpo-20260219-171308-f36ce1ff seed=42 Achieved train positive ratio=0.5000
2026-02-19 18:19:59 INFO shap-it-like-its-hot run_id=mvs-hpo-20260219-171308-f36ce1ff seed=42 Outer fold repeat=2 fold=3 seed=44
2026-02-19 18:19:59 INFO shap-it-like-its-hot run_id=mvs-hpo-20260219-171308-f36ce1ff seed=42 Target resampling ratio=0.10
2026-02-19 18:20:05 INFO shap-it-like-its-hot run_id=mvs-hpo-20260219-171308-f36ce1ff seed=42 Best inner-CV score (roc_auc)=0.7298 best_params={'colsample_bytree': 0.8, 'learning_rate': 0.05, 'max_depth': 3, 'n_estimators': 100, 'subsample': 0.8}
2026-02-19 18:20:05 INFO shap-it-like-its-hot run_id=mvs-hpo-20260219-171308-f36ce1ff seed=42 Achieved train positive ratio=0.1000
2026-02-19 18:20:08 INFO shap-it-like-its-hot run_id=mvs-hpo-20260219-171308-f36ce1ff seed=42 Target resampling ratio=0.30
2026-02-19 18:20:15 INFO shap-it-like-its-hot run_id=mvs-hpo-20260219-171308-f36ce1ff seed=42 Best inner-CV score (roc_auc)=0.7779 best_params={'colsample_bytree': 0.8, 'learning_rate': 0.05, 'max_depth': 4, 'n_estimators': 100, 'subsample': 0.8}
2026-02-19 18:20:15 INFO shap-it-like-its-hot run_id=mvs-hpo-20260219-171308-f36ce1ff seed=42 Achieved train positive ratio=0.3000
2026-02-19 18:20:18 INFO shap-it-like-its-hot run_id=mvs-hpo-20260219-171308-f36ce1ff seed=42 Target resampling ratio=0.50
2026-02-19 18:20:25 INFO shap-it-like-its-hot run_id=mvs-hpo-20260219-171308-f36ce1ff seed=42 Best inner-CV score (roc_auc)=0.7721 best_params={'colsample_bytree': 0.8, 'learning_rate': 0.05, 'max_depth': 4, 'n_estimators': 100, 'subsample': 0.8}
2026-02-19 18:20:25 INFO shap-it-like-its-hot run_id=mvs-hpo-20260219-171308-f36ce1ff seed=42 Achieved train positive ratio=0.5000
2026-02-19 18:20:28 INFO shap-it-like-its-hot run_id=mvs-hpo-20260219-171308-f36ce1ff seed=42 Outer fold repeat=2 fold=4 seed=44
2026-02-19 18:20:28 INFO shap-it-like-its-hot run_id=mvs-hpo-20260219-171308-f36ce1ff seed=42 Target resampling ratio=0.10
2026-02-19 18:20:35 INFO shap-it-like-its-hot run_id=mvs-hpo-20260219-171308-f36ce1ff seed=42 Best inner-CV score (roc_auc)=0.7446 best_params={'colsample_bytree': 1.0, 'learning_rate': 0.05, 'max_depth': 3, 'n_estimators': 100, 'subsample': 0.8}
2026-02-19 18:20:35 INFO shap-it-like-its-hot run_id=mvs-hpo-20260219-171308-f36ce1ff seed=42 Achieved train positive ratio=0.1000
2026-02-19 18:20:38 INFO shap-it-like-its-hot run_id=mvs-hpo-20260219-171308-f36ce1ff seed=42 Target resampling ratio=0.30
2026-02-19 18:20:46 INFO shap-it-like-its-hot run_id=mvs-hpo-20260219-171308-f36ce1ff seed=42 Best inner-CV score (roc_auc)=0.7676 best_params={'colsample_bytree': 0.8, 'learning_rate': 0.05, 'max_depth': 3, 'n_estimators': 200, 'subsample': 0.8}
2026-02-19 18:20:46 INFO shap-it-like-its-hot run_id=mvs-hpo-20260219-171308-f36ce1ff seed=42 Achieved train positive ratio=0.3000
2026-02-19 18:20:49 INFO shap-it-like-its-hot run_id=mvs-hpo-20260219-171308-f36ce1ff seed=42 Target resampling ratio=0.50
2026-02-19 18:20:56 INFO shap-it-like-its-hot run_id=mvs-hpo-20260219-171308-f36ce1ff seed=42 Best inner-CV score (roc_auc)=0.7436 best_params={'colsample_bytree': 0.8, 'learning_rate': 0.05, 'max_depth': 3, 'n_estimators': 100, 'subsample': 0.8}
2026-02-19 18:20:56 INFO shap-it-like-its-hot run_id=mvs-hpo-20260219-171308-f36ce1ff seed=42 Achieved train positive ratio=0.5000
2026-02-19 18:20:59 INFO shap-it-like-its-hot run_id=mvs-hpo-20260219-171308-f36ce1ff seed=42 Outer fold repeat=3 fold=0 seed=45
2026-02-19 18:20:59 INFO shap-it-like-its-hot run_id=mvs-hpo-20260219-171308-f36ce1ff seed=42 Target resampling ratio=0.10
2026-02-19 18:21:06 INFO shap-it-like-its-hot run_id=mvs-hpo-20260219-171308-f36ce1ff seed=42 Best inner-CV score (roc_auc)=0.7430 best_params={'colsample_bytree': 1.0, 'learning_rate': 0.1, 'max_depth': 4, 'n_estimators': 100, 'subsample': 0.8}
2026-02-19 18:21:06 INFO shap-it-like-its-hot run_id=mvs-hpo-20260219-171308-f36ce1ff seed=42 Achieved train positive ratio=0.1000
2026-02-19 18:21:09 INFO shap-it-like-its-hot run_id=mvs-hpo-20260219-171308-f36ce1ff seed=42 Target resampling ratio=0.30
2026-02-19 18:21:16 INFO shap-it-like-its-hot run_id=mvs-hpo-20260219-171308-f36ce1ff seed=42 Best inner-CV score (roc_auc)=0.7864 best_params={'colsample_bytree': 0.8, 'learning_rate': 0.1, 'max_depth': 4, 'n_estimators': 100, 'subsample': 0.8}
2026-02-19 18:21:16 INFO shap-it-like-its-hot run_id=mvs-hpo-20260219-171308-f36ce1ff seed=42 Achieved train positive ratio=0.3000
2026-02-19 18:21:20 INFO shap-it-like-its-hot run_id=mvs-hpo-20260219-171308-f36ce1ff seed=42 Target resampling ratio=0.50
2026-02-19 18:21:26 INFO shap-it-like-its-hot run_id=mvs-hpo-20260219-171308-f36ce1ff seed=42 Best inner-CV score (roc_auc)=0.7657 best_params={'colsample_bytree': 0.8, 'learning_rate': 0.05, 'max_depth': 3, 'n_estimators': 200, 'subsample': 0.8}
2026-02-19 18:21:26 INFO shap-it-like-its-hot run_id=mvs-hpo-20260219-171308-f36ce1ff seed=42 Achieved train positive ratio=0.5000
2026-02-19 18:21:30 INFO shap-it-like-its-hot run_id=mvs-hpo-20260219-171308-f36ce1ff seed=42 Outer fold repeat=3 fold=1 seed=45
2026-02-19 18:21:30 INFO shap-it-like-its-hot run_id=mvs-hpo-20260219-171308-f36ce1ff seed=42 Target resampling ratio=0.10
2026-02-19 18:21:37 INFO shap-it-like-its-hot run_id=mvs-hpo-20260219-171308-f36ce1ff seed=42 Best inner-CV score (roc_auc)=0.7663 best_params={'colsample_bytree': 0.8, 'learning_rate': 0.05, 'max_depth': 3, 'n_estimators': 200, 'subsample': 1.0}
2026-02-19 18:21:37 INFO shap-it-like-its-hot run_id=mvs-hpo-20260219-171308-f36ce1ff seed=42 Achieved train positive ratio=0.1000
2026-02-19 18:21:40 INFO shap-it-like-its-hot run_id=mvs-hpo-20260219-171308-f36ce1ff seed=42 Target resampling ratio=0.30
2026-02-19 18:21:47 INFO shap-it-like-its-hot run_id=mvs-hpo-20260219-171308-f36ce1ff seed=42 Best inner-CV score (roc_auc)=0.7937 best_params={'colsample_bytree': 0.8, 'learning_rate': 0.05, 'max_depth': 4, 'n_estimators': 100, 'subsample': 0.8}
2026-02-19 18:21:47 INFO shap-it-like-its-hot run_id=mvs-hpo-20260219-171308-f36ce1ff seed=42 Achieved train positive ratio=0.3000
2026-02-19 18:21:50 INFO shap-it-like-its-hot run_id=mvs-hpo-20260219-171308-f36ce1ff seed=42 Target resampling ratio=0.50
2026-02-19 18:21:57 INFO shap-it-like-its-hot run_id=mvs-hpo-20260219-171308-f36ce1ff seed=42 Best inner-CV score (roc_auc)=0.7839 best_params={'colsample_bytree': 0.8, 'learning_rate': 0.05, 'max_depth': 3, 'n_estimators': 200, 'subsample': 0.8}
2026-02-19 18:21:57 INFO shap-it-like-its-hot run_id=mvs-hpo-20260219-171308-f36ce1ff seed=42 Achieved train positive ratio=0.5000
2026-02-19 18:22:01 INFO shap-it-like-its-hot run_id=mvs-hpo-20260219-171308-f36ce1ff seed=42 Outer fold repeat=3 fold=2 seed=45
2026-02-19 18:22:01 INFO shap-it-like-its-hot run_id=mvs-hpo-20260219-171308-f36ce1ff seed=42 Target resampling ratio=0.10
2026-02-19 18:22:07 INFO shap-it-like-its-hot run_id=mvs-hpo-20260219-171308-f36ce1ff seed=42 Best inner-CV score (roc_auc)=0.7593 best_params={'colsample_bytree': 0.8, 'learning_rate': 0.05, 'max_depth': 3, 'n_estimators': 100, 'subsample': 0.8}
2026-02-19 18:22:07 INFO shap-it-like-its-hot run_id=mvs-hpo-20260219-171308-f36ce1ff seed=42 Achieved train positive ratio=0.1000
2026-02-19 18:22:11 INFO shap-it-like-its-hot run_id=mvs-hpo-20260219-171308-f36ce1ff seed=42 Target resampling ratio=0.30
2026-02-19 18:22:17 INFO shap-it-like-its-hot run_id=mvs-hpo-20260219-171308-f36ce1ff seed=42 Best inner-CV score (roc_auc)=0.7938 best_params={'colsample_bytree': 0.8, 'learning_rate': 0.05, 'max_depth': 3, 'n_estimators': 100, 'subsample': 0.8}
2026-02-19 18:22:17 INFO shap-it-like-its-hot run_id=mvs-hpo-20260219-171308-f36ce1ff seed=42 Achieved train positive ratio=0.3000
2026-02-19 18:22:21 INFO shap-it-like-its-hot run_id=mvs-hpo-20260219-171308-f36ce1ff seed=42 Target resampling ratio=0.50
2026-02-19 18:22:27 INFO shap-it-like-its-hot run_id=mvs-hpo-20260219-171308-f36ce1ff seed=42 Best inner-CV score (roc_auc)=0.7813 best_params={'colsample_bytree': 1.0, 'learning_rate': 0.05, 'max_depth': 4, 'n_estimators': 100, 'subsample': 0.8}
2026-02-19 18:22:27 INFO shap-it-like-its-hot run_id=mvs-hpo-20260219-171308-f36ce1ff seed=42 Achieved train positive ratio=0.5000
2026-02-19 18:22:32 INFO shap-it-like-its-hot run_id=mvs-hpo-20260219-171308-f36ce1ff seed=42 Outer fold repeat=3 fold=3 seed=45
2026-02-19 18:22:32 INFO shap-it-like-its-hot run_id=mvs-hpo-20260219-171308-f36ce1ff seed=42 Target resampling ratio=0.10
2026-02-19 18:22:41 INFO shap-it-like-its-hot run_id=mvs-hpo-20260219-171308-f36ce1ff seed=42 Best inner-CV score (roc_auc)=0.7528 best_params={'colsample_bytree': 0.8, 'learning_rate': 0.05, 'max_depth': 3, 'n_estimators': 100, 'subsample': 0.8}
2026-02-19 18:22:41 INFO shap-it-like-its-hot run_id=mvs-hpo-20260219-171308-f36ce1ff seed=42 Achieved train positive ratio=0.1000
2026-02-19 18:22:46 INFO shap-it-like-its-hot run_id=mvs-hpo-20260219-171308-f36ce1ff seed=42 Target resampling ratio=0.30
2026-02-19 18:22:56 INFO shap-it-like-its-hot run_id=mvs-hpo-20260219-171308-f36ce1ff seed=42 Best inner-CV score (roc_auc)=0.7759 best_params={'colsample_bytree': 1.0, 'learning_rate': 0.1, 'max_depth': 4, 'n_estimators': 100, 'subsample': 0.8}
2026-02-19 18:22:56 INFO shap-it-like-its-hot run_id=mvs-hpo-20260219-171308-f36ce1ff seed=42 Achieved train positive ratio=0.3000
2026-02-19 18:23:01 INFO shap-it-like-its-hot run_id=mvs-hpo-20260219-171308-f36ce1ff seed=42 Target resampling ratio=0.50
2026-02-19 18:23:11 INFO shap-it-like-its-hot run_id=mvs-hpo-20260219-171308-f36ce1ff seed=42 Best inner-CV score (roc_auc)=0.7610 best_params={'colsample_bytree': 0.8, 'learning_rate': 0.05, 'max_depth': 4, 'n_estimators': 200, 'subsample': 0.8}
2026-02-19 18:23:11 INFO shap-it-like-its-hot run_id=mvs-hpo-20260219-171308-f36ce1ff seed=42 Achieved train positive ratio=0.5000
2026-02-19 18:23:17 INFO shap-it-like-its-hot run_id=mvs-hpo-20260219-171308-f36ce1ff seed=42 Outer fold repeat=3 fold=4 seed=45
2026-02-19 18:23:17 INFO shap-it-like-its-hot run_id=mvs-hpo-20260219-171308-f36ce1ff seed=42 Target resampling ratio=0.10
2026-02-19 18:23:26 INFO shap-it-like-its-hot run_id=mvs-hpo-20260219-171308-f36ce1ff seed=42 Best inner-CV score (roc_auc)=0.7539 best_params={'colsample_bytree': 0.8, 'learning_rate': 0.05, 'max_depth': 3, 'n_estimators': 100, 'subsample': 0.8}
2026-02-19 18:23:26 INFO shap-it-like-its-hot run_id=mvs-hpo-20260219-171308-f36ce1ff seed=42 Achieved train positive ratio=0.1000
2026-02-19 18:23:31 INFO shap-it-like-its-hot run_id=mvs-hpo-20260219-171308-f36ce1ff seed=42 Target resampling ratio=0.30
2026-02-19 18:23:41 INFO shap-it-like-its-hot run_id=mvs-hpo-20260219-171308-f36ce1ff seed=42 Best inner-CV score (roc_auc)=0.7738 best_params={'colsample_bytree': 1.0, 'learning_rate': 0.05, 'max_depth': 3, 'n_estimators': 200, 'subsample': 0.8}
2026-02-19 18:23:41 INFO shap-it-like-its-hot run_id=mvs-hpo-20260219-171308-f36ce1ff seed=42 Achieved train positive ratio=0.3000
2026-02-19 18:23:46 INFO shap-it-like-its-hot run_id=mvs-hpo-20260219-171308-f36ce1ff seed=42 Target resampling ratio=0.50
2026-02-19 18:23:56 INFO shap-it-like-its-hot run_id=mvs-hpo-20260219-171308-f36ce1ff seed=42 Best inner-CV score (roc_auc)=0.7711 best_params={'colsample_bytree': 0.8, 'learning_rate': 0.05, 'max_depth': 3, 'n_estimators': 100, 'subsample': 0.8}
2026-02-19 18:23:56 INFO shap-it-like-its-hot run_id=mvs-hpo-20260219-171308-f36ce1ff seed=42 Achieved train positive ratio=0.5000
2026-02-19 18:24:01 INFO shap-it-like-its-hot run_id=mvs-hpo-20260219-171308-f36ce1ff seed=42 Outer fold repeat=4 fold=0 seed=46
2026-02-19 18:24:01 INFO shap-it-like-its-hot run_id=mvs-hpo-20260219-171308-f36ce1ff seed=42 Target resampling ratio=0.10
2026-02-19 18:24:10 INFO shap-it-like-its-hot run_id=mvs-hpo-20260219-171308-f36ce1ff seed=42 Best inner-CV score (roc_auc)=0.7412 best_params={'colsample_bytree': 1.0, 'learning_rate': 0.05, 'max_depth': 4, 'n_estimators': 100, 'subsample': 1.0}
2026-02-19 18:24:10 INFO shap-it-like-its-hot run_id=mvs-hpo-20260219-171308-f36ce1ff seed=42 Achieved train positive ratio=0.1000
2026-02-19 18:24:15 INFO shap-it-like-its-hot run_id=mvs-hpo-20260219-171308-f36ce1ff seed=42 Target resampling ratio=0.30
2026-02-19 18:24:25 INFO shap-it-like-its-hot run_id=mvs-hpo-20260219-171308-f36ce1ff seed=42 Best inner-CV score (roc_auc)=0.7799 best_params={'colsample_bytree': 0.8, 'learning_rate': 0.05, 'max_depth': 4, 'n_estimators': 100, 'subsample': 0.8}
2026-02-19 18:24:25 INFO shap-it-like-its-hot run_id=mvs-hpo-20260219-171308-f36ce1ff seed=42 Achieved train positive ratio=0.3000
2026-02-19 18:24:30 INFO shap-it-like-its-hot run_id=mvs-hpo-20260219-171308-f36ce1ff seed=42 Target resampling ratio=0.50
2026-02-19 18:24:40 INFO shap-it-like-its-hot run_id=mvs-hpo-20260219-171308-f36ce1ff seed=42 Best inner-CV score (roc_auc)=0.7755 best_params={'colsample_bytree': 1.0, 'learning_rate': 0.05, 'max_depth': 3, 'n_estimators': 100, 'subsample': 1.0}
2026-02-19 18:24:40 INFO shap-it-like-its-hot run_id=mvs-hpo-20260219-171308-f36ce1ff seed=42 Achieved train positive ratio=0.5000
2026-02-19 18:24:45 INFO shap-it-like-its-hot run_id=mvs-hpo-20260219-171308-f36ce1ff seed=42 Outer fold repeat=4 fold=1 seed=46
2026-02-19 18:24:45 INFO shap-it-like-its-hot run_id=mvs-hpo-20260219-171308-f36ce1ff seed=42 Target resampling ratio=0.10
2026-02-19 18:24:54 INFO shap-it-like-its-hot run_id=mvs-hpo-20260219-171308-f36ce1ff seed=42 Best inner-CV score (roc_auc)=0.7412 best_params={'colsample_bytree': 0.8, 'learning_rate': 0.05, 'max_depth': 3, 'n_estimators': 200, 'subsample': 0.8}
2026-02-19 18:24:54 INFO shap-it-like-its-hot run_id=mvs-hpo-20260219-171308-f36ce1ff seed=42 Achieved train positive ratio=0.1000
2026-02-19 18:24:59 INFO shap-it-like-its-hot run_id=mvs-hpo-20260219-171308-f36ce1ff seed=42 Target resampling ratio=0.30
2026-02-19 18:25:09 INFO shap-it-like-its-hot run_id=mvs-hpo-20260219-171308-f36ce1ff seed=42 Best inner-CV score (roc_auc)=0.7835 best_params={'colsample_bytree': 0.8, 'learning_rate': 0.05, 'max_depth': 3, 'n_estimators': 200, 'subsample': 0.8}
2026-02-19 18:25:09 INFO shap-it-like-its-hot run_id=mvs-hpo-20260219-171308-f36ce1ff seed=42 Achieved train positive ratio=0.3000
2026-02-19 18:25:15 INFO shap-it-like-its-hot run_id=mvs-hpo-20260219-171308-f36ce1ff seed=42 Target resampling ratio=0.50
2026-02-19 18:25:24 INFO shap-it-like-its-hot run_id=mvs-hpo-20260219-171308-f36ce1ff seed=42 Best inner-CV score (roc_auc)=0.7730 best_params={'colsample_bytree': 0.8, 'learning_rate': 0.05, 'max_depth': 3, 'n_estimators': 200, 'subsample': 1.0}
2026-02-19 18:25:24 INFO shap-it-like-its-hot run_id=mvs-hpo-20260219-171308-f36ce1ff seed=42 Achieved train positive ratio=0.5000
2026-02-19 18:25:28 INFO shap-it-like-its-hot run_id=mvs-hpo-20260219-171308-f36ce1ff seed=42 Outer fold repeat=4 fold=2 seed=46
2026-02-19 18:25:28 INFO shap-it-like-its-hot run_id=mvs-hpo-20260219-171308-f36ce1ff seed=42 Target resampling ratio=0.10
2026-02-19 18:25:34 INFO shap-it-like-its-hot run_id=mvs-hpo-20260219-171308-f36ce1ff seed=42 Best inner-CV score (roc_auc)=0.7524 best_params={'colsample_bytree': 0.8, 'learning_rate': 0.1, 'max_depth': 4, 'n_estimators': 200, 'subsample': 0.8}
2026-02-19 18:25:34 INFO shap-it-like-its-hot run_id=mvs-hpo-20260219-171308-f36ce1ff seed=42 Achieved train positive ratio=0.1000
2026-02-19 18:25:38 INFO shap-it-like-its-hot run_id=mvs-hpo-20260219-171308-f36ce1ff seed=42 Target resampling ratio=0.30
2026-02-19 18:26:22 INFO shap-it-like-its-hot run_id=mvs-hpo-20260219-171308-f36ce1ff seed=42 Best inner-CV score (roc_auc)=0.7883 best_params={'colsample_bytree': 0.8, 'learning_rate': 0.05, 'max_depth': 4, 'n_estimators': 100, 'subsample': 0.8}
2026-02-19 18:26:22 INFO shap-it-like-its-hot run_id=mvs-hpo-20260219-171308-f36ce1ff seed=42 Achieved train positive ratio=0.3000
2026-02-19 18:26:25 INFO shap-it-like-its-hot run_id=mvs-hpo-20260219-171308-f36ce1ff seed=42 Target resampling ratio=0.50
2026-02-19 18:26:33 INFO shap-it-like-its-hot run_id=mvs-hpo-20260219-171308-f36ce1ff seed=42 Best inner-CV score (roc_auc)=0.7635 best_params={'colsample_bytree': 0.8, 'learning_rate': 0.05, 'max_depth': 4, 'n_estimators': 200, 'subsample': 0.8}
2026-02-19 18:26:33 INFO shap-it-like-its-hot run_id=mvs-hpo-20260219-171308-f36ce1ff seed=42 Achieved train positive ratio=0.5000
2026-02-19 18:26:37 INFO shap-it-like-its-hot run_id=mvs-hpo-20260219-171308-f36ce1ff seed=42 Outer fold repeat=4 fold=3 seed=46
2026-02-19 18:26:37 INFO shap-it-like-its-hot run_id=mvs-hpo-20260219-171308-f36ce1ff seed=42 Target resampling ratio=0.10
2026-02-19 18:26:45 INFO shap-it-like-its-hot run_id=mvs-hpo-20260219-171308-f36ce1ff seed=42 Best inner-CV score (roc_auc)=0.7434 best_params={'colsample_bytree': 0.8, 'learning_rate': 0.05, 'max_depth': 3, 'n_estimators': 200, 'subsample': 0.8}
2026-02-19 18:26:45 INFO shap-it-like-its-hot run_id=mvs-hpo-20260219-171308-f36ce1ff seed=42 Achieved train positive ratio=0.1000
2026-02-19 18:26:49 INFO shap-it-like-its-hot run_id=mvs-hpo-20260219-171308-f36ce1ff seed=42 Target resampling ratio=0.30
2026-02-19 18:26:57 INFO shap-it-like-its-hot run_id=mvs-hpo-20260219-171308-f36ce1ff seed=42 Best inner-CV score (roc_auc)=0.7795 best_params={'colsample_bytree': 0.8, 'learning_rate': 0.05, 'max_depth': 3, 'n_estimators': 200, 'subsample': 1.0}
2026-02-19 18:26:57 INFO shap-it-like-its-hot run_id=mvs-hpo-20260219-171308-f36ce1ff seed=42 Achieved train positive ratio=0.3000
2026-02-19 18:27:02 INFO shap-it-like-its-hot run_id=mvs-hpo-20260219-171308-f36ce1ff seed=42 Target resampling ratio=0.50
2026-02-19 18:27:10 INFO shap-it-like-its-hot run_id=mvs-hpo-20260219-171308-f36ce1ff seed=42 Best inner-CV score (roc_auc)=0.7784 best_params={'colsample_bytree': 1.0, 'learning_rate': 0.05, 'max_depth': 3, 'n_estimators': 100, 'subsample': 0.8}
2026-02-19 18:27:10 INFO shap-it-like-its-hot run_id=mvs-hpo-20260219-171308-f36ce1ff seed=42 Achieved train positive ratio=0.5000
2026-02-19 18:27:13 INFO shap-it-like-its-hot run_id=mvs-hpo-20260219-171308-f36ce1ff seed=42 Outer fold repeat=4 fold=4 seed=46
2026-02-19 18:27:13 INFO shap-it-like-its-hot run_id=mvs-hpo-20260219-171308-f36ce1ff seed=42 Target resampling ratio=0.10
2026-02-19 18:27:21 INFO shap-it-like-its-hot run_id=mvs-hpo-20260219-171308-f36ce1ff seed=42 Best inner-CV score (roc_auc)=0.7533 best_params={'colsample_bytree': 1.0, 'learning_rate': 0.05, 'max_depth': 4, 'n_estimators': 100, 'subsample': 1.0}
2026-02-19 18:27:21 INFO shap-it-like-its-hot run_id=mvs-hpo-20260219-171308-f36ce1ff seed=42 Achieved train positive ratio=0.1000
2026-02-19 18:27:24 INFO shap-it-like-its-hot run_id=mvs-hpo-20260219-171308-f36ce1ff seed=42 Target resampling ratio=0.30
2026-02-19 18:27:33 INFO shap-it-like-its-hot run_id=mvs-hpo-20260219-171308-f36ce1ff seed=42 Best inner-CV score (roc_auc)=0.7921 best_params={'colsample_bytree': 1.0, 'learning_rate': 0.05, 'max_depth': 4, 'n_estimators': 200, 'subsample': 0.8}
2026-02-19 18:27:33 INFO shap-it-like-its-hot run_id=mvs-hpo-20260219-171308-f36ce1ff seed=42 Achieved train positive ratio=0.3000
2026-02-19 18:27:38 INFO shap-it-like-its-hot run_id=mvs-hpo-20260219-171308-f36ce1ff seed=42 Target resampling ratio=0.50
2026-02-19 18:27:46 INFO shap-it-like-its-hot run_id=mvs-hpo-20260219-171308-f36ce1ff seed=42 Best inner-CV score (roc_auc)=0.7877 best_params={'colsample_bytree': 1.0, 'learning_rate': 0.05, 'max_depth': 4, 'n_estimators': 100, 'subsample': 0.8}
2026-02-19 18:27:46 INFO shap-it-like-its-hot run_id=mvs-hpo-20260219-171308-f36ce1ff seed=42 Achieved train positive ratio=0.5000
2026-02-19 18:27:57 INFO shap-it-like-its-hot run_id=mvs-hpo-20260219-171308-f36ce1ff seed=42 Done. Results written to results/mvs-hpo-20260219-171308-f36ce1ff
